{"numTotalTestSuites":46,"numPassedTestSuites":46,"numFailedTestSuites":0,"numPendingTestSuites":0,"numTotalTests":130,"numPassedTests":130,"numFailedTests":0,"numPendingTests":0,"numTodoTests":0,"snapshot":{"added":0,"failure":false,"filesAdded":0,"filesRemoved":0,"filesRemovedList":[],"filesUnmatched":0,"filesUpdated":0,"matched":0,"total":0,"unchecked":0,"uncheckedKeysByFile":[],"unmatched":0,"updated":0,"didUpdate":false},"startTime":1773706023362,"success":true,"testResults":[{"assertionResults":[{"ancestorTitles":["main entrypoint"],"fullName":"main entrypoint renders the app into the root element","status":"passed","title":"renders the app into the root element","duration":547.0846000000001,"failureMessages":[],"meta":{},"tags":[]},{"ancestorTitles":["main entrypoint"],"fullName":"main entrypoint throws when the root element is missing","status":"passed","title":"throws when the root element is missing","duration":8.671100000000024,"failureMessages":[],"meta":{},"tags":[]}],"startTime":1773706053309,"endTime":1773706053865.6711,"status":"passed","message":"","name":"C:/Users/siles/Documents/maestria/especialidad/codigo/proyecto-especialidad-monitoreo/frontend/src/main.test.tsx"},{"assertionResults":[{"ancestorTitles":["AuthContext"],"fullName":"AuthContext initializes with a valid stored user","status":"passed","title":"initializes with a valid stored user","duration":98.64730000000009,"failureMessages":[],"meta":{},"tags":[]},{"ancestorTitles":["AuthContext"],"fullName":"AuthContext logs out invalid stored auth during initialization","status":"passed","title":"logs out invalid stored auth during initialization","duration":74.44290000000001,"failureMessages":[],"meta":{},"tags":[]},{"ancestorTitles":["AuthContext"],"fullName":"AuthContext supports login, updateUser, role checks and logout","status":"passed","title":"supports login, updateUser, role checks and logout","duration":18.15480000000025,"failureMessages":[],"meta":{},"tags":[]},{"ancestorTitles":["AuthContext"],"fullName":"AuthContext throws when useAuth is used outside AuthProvider","status":"passed","title":"throws when useAuth is used outside AuthProvider","duration":36.839300000000094,"failureMessages":[],"meta":{},"tags":[]}],"startTime":1773706068233,"endTime":1773706068460.8394,"status":"passed","message":"","name":"C:/Users/siles/Documents/maestria/especialidad/codigo/proyecto-especialidad-monitoreo/frontend/src/contexts/AuthContext.test.tsx"},{"assertionResults":[{"ancestorTitles":["useAlerts"],"fullName":"useAlerts auto-fetches alerts, active alerts and thresholds","status":"passed","title":"auto-fetches alerts, active alerts and thresholds","duration":105.3376000000003,"failureMessages":[],"meta":{},"tags":[]},{"ancestorTitles":["useAlerts"],"fullName":"useAlerts acknowledges, resolves, creates and deletes threshold state","status":"passed","title":"acknowledges, resolves, creates and deletes threshold state","duration":88.82880000000023,"failureMessages":[],"meta":{},"tags":[]},{"ancestorTitles":["useAlerts"],"fullName":"useAlerts reacts to browser alert events","status":"passed","title":"reacts to browser alert events","duration":4.766900000000078,"failureMessages":[],"meta":{},"tags":[]},{"ancestorTitles":["useAlerts"],"fullName":"useAlerts captures service errors","status":"passed","title":"captures service errors","duration":2.8015000000000327,"failureMessages":[],"meta":{},"tags":[]},{"ancestorTitles":["useAlerts"],"fullName":"useAlerts handles fetchAlerts and fetchThresholds errors","status":"passed","title":"handles fetchAlerts and fetchThresholds errors","duration":3.0112999999996646,"failureMessages":[],"meta":{},"tags":[]},{"ancestorTitles":["useAlerts"],"fullName":"useAlerts returns false or null when alert mutations fail","status":"passed","title":"returns false or null when alert mutations fail","duration":312.9382999999998,"failureMessages":[],"meta":{},"tags":[]},{"ancestorTitles":["useAlerts"],"fullName":"useAlerts refreshes active alerts on an interval","status":"passed","title":"refreshes active alerts on an interval","duration":7.0078999999996086,"failureMessages":[],"meta":{},"tags":[]}],"startTime":1773706059626,"endTime":1773706060151.0078,"status":"passed","message":"","name":"C:/Users/siles/Documents/maestria/especialidad/codigo/proyecto-especialidad-monitoreo/frontend/src/hooks/useAlerts.test.ts"},{"assertionResults":[{"ancestorTitles":["useMetrics"],"fullName":"useMetrics auto-fetches metrics and summary","status":"passed","title":"auto-fetches metrics and summary","duration":112.07619999999997,"failureMessages":[],"meta":{},"tags":[]},{"ancestorTitles":["useMetrics"],"fullName":"useMetrics handles fetchServerHistory errors","status":"passed","title":"handles fetchServerHistory errors","duration":3.10779999999977,"failureMessages":[],"meta":{},"tags":[]},{"ancestorTitles":["useMetrics"],"fullName":"useMetrics refreshes on an interval","status":"passed","title":"refreshes on an interval","duration":6.953700000000026,"failureMessages":[],"meta":{},"tags":[]}],"startTime":1773706074143,"endTime":1773706074265.9536,"status":"passed","message":"","name":"C:/Users/siles/Documents/maestria/especialidad/codigo/proyecto-especialidad-monitoreo/frontend/src/hooks/useMetrics.test.ts"},{"assertionResults":[{"ancestorTitles":["useServers"],"fullName":"useServers auto-fetches servers","status":"passed","title":"auto-fetches servers","duration":95.96360000000004,"failureMessages":[],"meta":{},"tags":[]},{"ancestorTitles":["useServers"],"fullName":"useServers supports create, update, delete, get and refresh","status":"passed","title":"supports create, update, delete, get and refresh","duration":80.50460000000021,"failureMessages":[],"meta":{},"tags":[]},{"ancestorTitles":["useServers"],"fullName":"useServers captures request errors","status":"passed","title":"captures request errors","duration":70.28620000000001,"failureMessages":[],"meta":{},"tags":[]},{"ancestorTitles":["useServers"],"fullName":"useServers handles fetchServers errors","status":"passed","title":"handles fetchServers errors","duration":2.0100000000002183,"failureMessages":[],"meta":{},"tags":[]},{"ancestorTitles":["useServers"],"fullName":"useServers returns null or false when create, update and delete fail","status":"passed","title":"returns null or false when create, update and delete fail","duration":214.6273000000001,"failureMessages":[],"meta":{},"tags":[]},{"ancestorTitles":["useServers"],"fullName":"useServers ignores refreshServer errors without mutating state","status":"passed","title":"ignores refreshServer errors without mutating state","duration":3.0972999999999047,"failureMessages":[],"meta":{},"tags":[]}],"startTime":1773706056360,"endTime":1773706056826.0974,"status":"passed","message":"","name":"C:/Users/siles/Documents/maestria/especialidad/codigo/proyecto-especialidad-monitoreo/frontend/src/hooks/useServers.test.ts"},{"assertionResults":[{"ancestorTitles":["useWebSocket"],"fullName":"useWebSocket does not connect when disabled or token is missing","status":"passed","title":"does not connect when disabled or token is missing","duration":24.308199999999943,"failureMessages":[],"meta":{},"tags":[]},{"ancestorTitles":["useWebSocket"],"fullName":"useWebSocket connects, subscribes and exposes connection state","status":"passed","title":"connects, subscribes and exposes connection state","duration":23.195500000000266,"failureMessages":[],"meta":{},"tags":[]}],"startTime":1773706071365,"endTime":1773706071413.1956,"status":"passed","message":"","name":"C:/Users/siles/Documents/maestria/especialidad/codigo/proyecto-especialidad-monitoreo/frontend/src/hooks/useWebSocket.test.ts"},{"assertionResults":[{"ancestorTitles":["App"],"fullName":"App renders the application shell providers and router","status":"passed","title":"renders the application shell providers and router","duration":70.45820000000003,"failureMessages":[],"meta":{},"tags":[]}],"startTime":1773706079556,"endTime":1773706079626.4583,"status":"passed","message":"","name":"C:/Users/siles/Documents/maestria/especialidad/codigo/proyecto-especialidad-monitoreo/frontend/src/app/App.test.tsx"},{"assertionResults":[{"ancestorTitles":["app routes"],"fullName":"app routes defines login and protected app routes","status":"passed","title":"defines login and protected app routes","duration":4.770100000000184,"failureMessages":[],"meta":{},"tags":[]},{"ancestorTitles":["app routes"],"fullName":"app routes defines nested dashboard, servers, alerts and reports routes","status":"passed","title":"defines nested dashboard, servers, alerts and reports routes","duration":0.6042999999999665,"failureMessages":[],"meta":{},"tags":[]}],"startTime":1773706096535,"endTime":1773706096540.6042,"status":"passed","message":"","name":"C:/Users/siles/Documents/maestria/especialidad/codigo/proyecto-especialidad-monitoreo/frontend/src/app/routes.test.tsx"},{"assertionResults":[{"ancestorTitles":["alertsService"],"fullName":"alertsService gets all alerts","status":"passed","title":"gets all alerts","duration":7.6550000000002,"failureMessages":[],"meta":{},"tags":[]},{"ancestorTitles":["alertsService"],"fullName":"alertsService gets active alerts","status":"passed","title":"gets active alerts","duration":0.7446999999997388,"failureMessages":[],"meta":{},"tags":[]},{"ancestorTitles":["alertsService"],"fullName":"alertsService gets one alert","status":"passed","title":"gets one alert","duration":0.4877000000001317,"failureMessages":[],"meta":{},"tags":[]},{"ancestorTitles":["alertsService"],"fullName":"alertsService acknowledges and resolves alerts","status":"passed","title":"acknowledges and resolves alerts","duration":0.821100000000115,"failureMessages":[],"meta":{},"tags":[]},{"ancestorTitles":["alertsService"],"fullName":"alertsService gets thresholds and creates/updates/deletes one","status":"passed","title":"gets thresholds and creates/updates/deletes one","duration":2.192700000000059,"failureMessages":[],"meta":{},"tags":[]}],"startTime":1773706092250,"endTime":1773706092261.1926,"status":"passed","message":"","name":"C:/Users/siles/Documents/maestria/especialidad/codigo/proyecto-especialidad-monitoreo/frontend/src/services/alertsService.test.ts"},{"assertionResults":[{"ancestorTitles":["api helpers"],"fullName":"api helpers returns the API error message for axios errors","status":"passed","title":"returns the API error message for axios errors","duration":18.091899999999896,"failureMessages":[],"meta":{},"tags":[]},{"ancestorTitles":["api helpers"],"fullName":"api helpers falls back to axios message when backend message is absent","status":"passed","title":"falls back to axios message when backend message is absent","duration":0.710700000000088,"failureMessages":[],"meta":{},"tags":[]},{"ancestorTitles":["api helpers"],"fullName":"api helpers returns the message for regular Error instances","status":"passed","title":"returns the message for regular Error instances","duration":0.5749000000000706,"failureMessages":[],"meta":{},"tags":[]},{"ancestorTitles":["api helpers"],"fullName":"api helpers returns unknown error for unsupported values","status":"passed","title":"returns unknown error for unsupported values","duration":0.3265000000001237,"failureMessages":[],"meta":{},"tags":[]},{"ancestorTitles":["api helpers"],"fullName":"api helpers checks whether a token exists","status":"passed","title":"checks whether a token exists","duration":0.9229999999997744,"failureMessages":[],"meta":{},"tags":[]},{"ancestorTitles":["api helpers"],"fullName":"api helpers clears authentication values","status":"passed","title":"clears authentication values","duration":0.6833000000001448,"failureMessages":[],"meta":{},"tags":[]},{"ancestorTitles":["api helpers"],"fullName":"api helpers adds the bearer token in the request interceptor","status":"passed","title":"adds the bearer token in the request interceptor","duration":1.9039999999999964,"failureMessages":[],"meta":{},"tags":[]},{"ancestorTitles":["api helpers"],"fullName":"api helpers logs and rejects request interceptor errors","status":"passed","title":"logs and rejects request interceptor errors","duration":5.990900000000238,"failureMessages":[],"meta":{},"tags":[]},{"ancestorTitles":["api helpers"],"fullName":"api helpers returns the response from the response interceptor","status":"passed","title":"returns the response from the response interceptor","duration":1.6064000000001215,"failureMessages":[],"meta":{},"tags":[]},{"ancestorTitles":["api helpers"],"fullName":"api helpers clears auth on 401 responses while on the login page","status":"passed","title":"clears auth on 401 responses while on the login page","duration":2.3793000000000575,"failureMessages":[],"meta":{},"tags":[]},{"ancestorTitles":["api helpers"],"fullName":"api helpers warns on 403 and 404 responses","status":"passed","title":"warns on 403 and 404 responses","duration":1.1649999999999636,"failureMessages":[],"meta":{},"tags":[]},{"ancestorTitles":["api helpers"],"fullName":"api helpers logs server errors for 5xx responses","status":"passed","title":"logs server errors for 5xx responses","duration":0.785200000000259,"failureMessages":[],"meta":{},"tags":[]},{"ancestorTitles":["api helpers"],"fullName":"api helpers logs network errors when no response is received","status":"passed","title":"logs network errors when no response is received","duration":0.654399999999896,"failureMessages":[],"meta":{},"tags":[]},{"ancestorTitles":["api helpers"],"fullName":"api helpers logs setup errors when the request cannot be created","status":"passed","title":"logs setup errors when the request cannot be created","duration":0.5554999999999382,"failureMessages":[],"meta":{},"tags":[]}],"startTime":1773706082108,"endTime":1773706082145.5554,"status":"passed","message":"","name":"C:/Users/siles/Documents/maestria/especialidad/codigo/proyecto-especialidad-monitoreo/frontend/src/services/api.test.ts"},{"assertionResults":[{"ancestorTitles":["authService"],"fullName":"authService logs in and stores the token and user","status":"passed","title":"logs in and stores the token and user","duration":8.01760000000013,"failureMessages":[],"meta":{},"tags":[]},{"ancestorTitles":["authService"],"fullName":"authService registers a user","status":"passed","title":"registers a user","duration":0.48689999999987776,"failureMessages":[],"meta":{},"tags":[]},{"ancestorTitles":["authService"],"fullName":"authService verifies the token successfully","status":"passed","title":"verifies the token successfully","duration":1.3270000000002256,"failureMessages":[],"meta":{},"tags":[]},{"ancestorTitles":["authService"],"fullName":"authService returns false when token verification fails","status":"passed","title":"returns false when token verification fails","duration":0.7309000000000196,"failureMessages":[],"meta":{},"tags":[]},{"ancestorTitles":["authService"],"fullName":"authService logs out and always clears storage","status":"passed","title":"logs out and always clears storage","duration":0.9821999999999207,"failureMessages":[],"meta":{},"tags":[]},{"ancestorTitles":["authService"],"fullName":"authService changes the password","status":"passed","title":"changes the password","duration":0.44050000000015643,"failureMessages":[],"meta":{},"tags":[]},{"ancestorTitles":["authService"],"fullName":"authService gets the current user","status":"passed","title":"gets the current user","duration":0.4375,"failureMessages":[],"meta":{},"tags":[]},{"ancestorTitles":["authService"],"fullName":"authService returns the stored user when JSON is valid","status":"passed","title":"returns the stored user when JSON is valid","duration":0.3773999999998523,"failureMessages":[],"meta":{},"tags":[]},{"ancestorTitles":["authService"],"fullName":"authService returns null when stored user JSON is invalid","status":"passed","title":"returns null when stored user JSON is invalid","duration":0.3431000000000495,"failureMessages":[],"meta":{},"tags":[]},{"ancestorTitles":["authService"],"fullName":"authService checks auth state and roles","status":"passed","title":"checks auth state and roles","duration":0.7422999999998865,"failureMessages":[],"meta":{},"tags":[]}],"startTime":1773706089982,"endTime":1773706089995.7422,"status":"passed","message":"","name":"C:/Users/siles/Documents/maestria/especialidad/codigo/proyecto-especialidad-monitoreo/frontend/src/services/authService.test.ts"},{"assertionResults":[{"ancestorTitles":["metricsService"],"fullName":"metricsService maps current metrics from the backend shape","status":"passed","title":"maps current metrics from the backend shape","duration":5.135899999999765,"failureMessages":[],"meta":{},"tags":[]},{"ancestorTitles":["metricsService"],"fullName":"metricsService maps summary fields","status":"passed","title":"maps summary fields","duration":0.5286999999998443,"failureMessages":[],"meta":{},"tags":[]},{"ancestorTitles":["metricsService"],"fullName":"metricsService gets metrics history with params","status":"passed","title":"gets metrics history with params","duration":2.1639000000000124,"failureMessages":[],"meta":{},"tags":[]},{"ancestorTitles":["metricsService"],"fullName":"metricsService gets server history","status":"passed","title":"gets server history","duration":0.40079999999989013,"failureMessages":[],"meta":{},"tags":[]},{"ancestorTitles":["metricsService"],"fullName":"metricsService gets prometheus metrics payload","status":"passed","title":"gets prometheus metrics payload","duration":0.3267000000000735,"failureMessages":[],"meta":{},"tags":[]}],"startTime":1773706094435,"endTime":1773706094443.401,"status":"passed","message":"","name":"C:/Users/siles/Documents/maestria/especialidad/codigo/proyecto-especialidad-monitoreo/frontend/src/services/metricsService.test.ts"},{"assertionResults":[{"ancestorTitles":["reportsService"],"fullName":"reportsService gets and generates reports","status":"passed","title":"gets and generates reports","duration":8.187399999999798,"failureMessages":[],"meta":{},"tags":[]},{"ancestorTitles":["reportsService"],"fullName":"reportsService downloads, deletes and gets statistics","status":"passed","title":"downloads, deletes and gets statistics","duration":3.350999999999658,"failureMessages":[],"meta":{},"tags":[]},{"ancestorTitles":["reportsService"],"fullName":"reportsService downloads a report with the expected filename","status":"passed","title":"downloads a report with the expected filename","duration":11.948199999999815,"failureMessages":[],"meta":{},"tags":[]}],"startTime":1773706087295,"endTime":1773706087317.9482,"status":"passed","message":"","name":"C:/Users/siles/Documents/maestria/especialidad/codigo/proyecto-especialidad-monitoreo/frontend/src/services/reportsService.test.ts"},{"assertionResults":[{"ancestorTitles":["serverService"],"fullName":"serverService gets all servers","status":"passed","title":"gets all servers","duration":12.076500000000124,"failureMessages":[],"meta":{},"tags":[]},{"ancestorTitles":["serverService"],"fullName":"serverService gets a server by id","status":"passed","title":"gets a server by id","duration":0.7371999999995751,"failureMessages":[],"meta":{},"tags":[]},{"ancestorTitles":["serverService"],"fullName":"serverService creates a server","status":"passed","title":"creates a server","duration":0.5257000000001426,"failureMessages":[],"meta":{},"tags":[]},{"ancestorTitles":["serverService"],"fullName":"serverService updates a server","status":"passed","title":"updates a server","duration":0.7220999999999549,"failureMessages":[],"meta":{},"tags":[]},{"ancestorTitles":["serverService"],"fullName":"serverService deletes a server","status":"passed","title":"deletes a server","duration":5.186499999999796,"failureMessages":[],"meta":{},"tags":[]},{"ancestorTitles":["serverService"],"fullName":"serverService gets server status","status":"passed","title":"gets server status","duration":0.8508999999999105,"failureMessages":[],"meta":{},"tags":[]},{"ancestorTitles":["serverService"],"fullName":"serverService gets server metrics","status":"passed","title":"gets server metrics","duration":0.5195999999996275,"failureMessages":[],"meta":{},"tags":[]}],"startTime":1773706099043,"endTime":1773706099063.5195,"status":"passed","message":"","name":"C:/Users/siles/Documents/maestria/especialidad/codigo/proyecto-especialidad-monitoreo/frontend/src/services/serversService.test.ts"},{"assertionResults":[{"ancestorTitles":["Layout"],"fullName":"Layout renders navigation and outlet content","status":"passed","title":"renders navigation and outlet content","duration":92.03890000000001,"failureMessages":[],"meta":{},"tags":[]},{"ancestorTitles":["Layout"],"fullName":"Layout logs out and navigates to login","status":"passed","title":"logs out and navigates to login","duration":388.33929999999964,"failureMessages":[],"meta":{},"tags":[]},{"ancestorTitles":["Layout"],"fullName":"Layout toggles the mobile menu and closes it after selecting an item","status":"passed","title":"toggles the mobile menu and closes it after selecting an item","duration":170.6567,"failureMessages":[],"meta":{},"tags":[]}],"startTime":1773706050056,"endTime":1773706050707.6567,"status":"passed","message":"","name":"C:/Users/siles/Documents/maestria/especialidad/codigo/proyecto-especialidad-monitoreo/frontend/src/app/components/Layout.test.tsx"},{"assertionResults":[{"ancestorTitles":["ProtectedRoute"],"fullName":"ProtectedRoute shows a loading spinner while authentication is being verified","status":"passed","title":"shows a loading spinner while authentication is being verified","duration":49.15340000000015,"failureMessages":[],"meta":{},"tags":[]},{"ancestorTitles":["ProtectedRoute"],"fullName":"ProtectedRoute redirects to /login when user is not authenticated","status":"passed","title":"redirects to /login when user is not authenticated","duration":4.10129999999981,"failureMessages":[],"meta":{},"tags":[]},{"ancestorTitles":["ProtectedRoute"],"fullName":"ProtectedRoute renders Outlet (protected content) when user is authenticated","status":"passed","title":"renders Outlet (protected content) when user is authenticated","duration":2.9768000000003667,"failureMessages":[],"meta":{},"tags":[]},{"ancestorTitles":["ProtectedRoute"],"fullName":"ProtectedRoute redirects to a custom path when redirectPath prop is provided","status":"passed","title":"redirects to a custom path when redirectPath prop is provided","duration":2.5614999999997963,"failureMessages":[],"meta":{},"tags":[]},{"ancestorTitles":["ProtectedRoute"],"fullName":"ProtectedRoute shows Access Denied when user lacks the required role","status":"passed","title":"shows Access Denied when user lacks the required role","duration":4.811799999999948,"failureMessages":[],"meta":{},"tags":[]},{"ancestorTitles":["ProtectedRoute"],"fullName":"ProtectedRoute renders Outlet when user has the required role","status":"passed","title":"renders Outlet when user has the required role","duration":2.295300000000225,"failureMessages":[],"meta":{},"tags":[]}],"startTime":1773706076798,"endTime":1773706076864.2954,"status":"passed","message":"","name":"C:/Users/siles/Documents/maestria/especialidad/codigo/proyecto-especialidad-monitoreo/frontend/src/app/components/ProtectedRoute.test.tsx"},{"assertionResults":[{"ancestorTitles":["RealtimeAlertsBridge"],"fullName":"RealtimeAlertsBridge wires websocket callbacks and dispatches alert events","status":"passed","title":"wires websocket callbacks and dispatches alert events","duration":36.41229999999996,"failureMessages":[],"meta":{},"tags":[]},{"ancestorTitles":["RealtimeAlertsBridge"],"fullName":"RealtimeAlertsBridge uses the matching toast severity","status":"passed","title":"uses the matching toast severity","duration":2.108299999999872,"failureMessages":[],"meta":{},"tags":[]}],"startTime":1773706084620,"endTime":1773706084659.1084,"status":"passed","message":"","name":"C:/Users/siles/Documents/maestria/especialidad/codigo/proyecto-especialidad-monitoreo/frontend/src/app/components/RealtimeAlertsBridge.test.tsx"},{"assertionResults":[{"ancestorTitles":["AlertsManagement"],"fullName":"AlertsManagement renders page title","status":"passed","title":"renders page title","duration":357.25319999999965,"failureMessages":[],"meta":{},"tags":[]},{"ancestorTitles":["AlertsManagement"],"fullName":"AlertsManagement shows active alerts count in tab label","status":"passed","title":"shows active alerts count in tab label","duration":59.9049,"failureMessages":[],"meta":{},"tags":[]},{"ancestorTitles":["AlertsManagement"],"fullName":"AlertsManagement renders active alert message in the active tab","status":"passed","title":"renders active alert message in the active tab","duration":53.49900000000025,"failureMessages":[],"meta":{},"tags":[]},{"ancestorTitles":["AlertsManagement"],"fullName":"AlertsManagement renders Acknowledge and Resolve buttons for active alerts","status":"passed","title":"renders Acknowledge and Resolve buttons for active alerts","duration":188.77649999999994,"failureMessages":[],"meta":{},"tags":[]},{"ancestorTitles":["AlertsManagement"],"fullName":"AlertsManagement calls acknowledgeAlert when Acknowledge is clicked","status":"passed","title":"calls acknowledgeAlert when Acknowledge is clicked","duration":168.51569999999992,"failureMessages":[],"meta":{},"tags":[]},{"ancestorTitles":["AlertsManagement"],"fullName":"AlertsManagement switches to Thresholds tab","status":"passed","title":"switches to Thresholds tab","duration":126.03600000000006,"failureMessages":[],"meta":{},"tags":[]},{"ancestorTitles":["AlertsManagement"],"fullName":"AlertsManagement refreshes alerts and thresholds when Refresh is clicked","status":"passed","title":"refreshes alerts and thresholds when Refresh is clicked","duration":169.00149999999985,"failureMessages":[],"meta":{},"tags":[]},{"ancestorTitles":["AlertsManagement"],"fullName":"AlertsManagement shows empty states for active alerts, history and thresholds","status":"passed","title":"shows empty states for active alerts, history and thresholds","duration":204.97430000000077,"failureMessages":[],"meta":{},"tags":[]},{"ancestorTitles":["AlertsManagement"],"fullName":"AlertsManagement shows loading states when lists are empty and loading is true","status":"passed","title":"shows loading states when lists are empty and loading is true","duration":184.4359999999997,"failureMessages":[],"meta":{},"tags":[]},{"ancestorTitles":["AlertsManagement"],"fullName":"AlertsManagement renders history statuses for resolved, acknowledged and active alerts","status":"passed","title":"renders history statuses for resolved, acknowledged and active alerts","duration":114.20319999999992,"failureMessages":[],"meta":{},"tags":[]},{"ancestorTitles":["AlertsManagement"],"fullName":"AlertsManagement hides Acknowledge button when alert is already acknowledged","status":"passed","title":"hides Acknowledge button when alert is already acknowledged","duration":110.8739000000005,"failureMessages":[],"meta":{},"tags":[]},{"ancestorTitles":["AlertsManagement"],"fullName":"AlertsManagement validates server selection before creating a threshold","status":"passed","title":"validates server selection before creating a threshold","duration":191.8787999999995,"failureMessages":[],"meta":{},"tags":[]},{"ancestorTitles":["AlertsManagement"],"fullName":"AlertsManagement creates a threshold successfully and refreshes thresholds","status":"passed","title":"creates a threshold successfully and refreshes thresholds","duration":367.28030000000035,"failureMessages":[],"meta":{},"tags":[]},{"ancestorTitles":["AlertsManagement"],"fullName":"AlertsManagement shows an error message when creating a threshold fails","status":"passed","title":"shows an error message when creating a threshold fails","duration":323.22100000000046,"failureMessages":[],"meta":{},"tags":[]},{"ancestorTitles":["AlertsManagement"],"fullName":"AlertsManagement acknowledges and resolves alerts successfully","status":"passed","title":"acknowledges and resolves alerts successfully","duration":233.40920000000006,"failureMessages":[],"meta":{},"tags":[]},{"ancestorTitles":["AlertsManagement"],"fullName":"AlertsManagement shows an error when acknowledging or resolving fails","status":"passed","title":"shows an error when acknowledging or resolving fails","duration":232.16560000000027,"failureMessages":[],"meta":{},"tags":[]},{"ancestorTitles":["AlertsManagement"],"fullName":"AlertsManagement deletes a threshold after confirmation and handles cancel/error flows","status":"passed","title":"deletes a threshold after confirmation and handles cancel/error flows","duration":354.6890000000003,"failureMessages":[],"meta":{},"tags":[]}],"startTime":1773706030939,"endTime":1773706034379.689,"status":"passed","message":"","name":"C:/Users/siles/Documents/maestria/especialidad/codigo/proyecto-especialidad-monitoreo/frontend/src/app/pages/AlertsManagement.test.tsx"},{"assertionResults":[{"ancestorTitles":["Dashboard page"],"fullName":"Dashboard page renders summary cards from hook data","status":"passed","title":"renders summary cards from hook data","duration":135.9112,"failureMessages":[],"meta":{},"tags":[]},{"ancestorTitles":["Dashboard page"],"fullName":"Dashboard page renders active alerts section with alert message","status":"passed","title":"renders active alerts section with alert message","duration":48.83259999999973,"failureMessages":[],"meta":{},"tags":[]},{"ancestorTitles":["Dashboard page"],"fullName":"Dashboard page renders grafana embed section","status":"passed","title":"renders grafana embed section","duration":28.979499999999916,"failureMessages":[],"meta":{},"tags":[]}],"startTime":1773706065551,"endTime":1773706065764.9795,"status":"passed","message":"","name":"C:/Users/siles/Documents/maestria/especialidad/codigo/proyecto-especialidad-monitoreo/frontend/src/app/pages/Dashboard.test.tsx"},{"assertionResults":[{"ancestorTitles":["Login page"],"fullName":"Login page renders login form fields","status":"passed","title":"renders login form fields","duration":333.05099999999993,"failureMessages":[],"meta":{},"tags":[]},{"ancestorTitles":["Login page"],"fullName":"Login page shows validation error when username/password are empty","status":"passed","title":"shows validation error when username/password are empty","duration":164.5866000000001,"failureMessages":[],"meta":{},"tags":[]},{"ancestorTitles":["Login page"],"fullName":"Login page calls login and navigates to dashboard on success","status":"passed","title":"calls login and navigates to dashboard on success","duration":635.9079000000002,"failureMessages":[],"meta":{},"tags":[]},{"ancestorTitles":["Login page"],"fullName":"Login page shows backend error message when login fails","status":"passed","title":"shows backend error message when login fails","duration":435.82699999999977,"failureMessages":[],"meta":{},"tags":[]}],"startTime":1773706045542,"endTime":1773706047111.827,"status":"passed","message":"","name":"C:/Users/siles/Documents/maestria/especialidad/codigo/proyecto-especialidad-monitoreo/frontend/src/app/pages/Login.test.tsx"},{"assertionResults":[{"ancestorTitles":["Reports page"],"fullName":"Reports page renders the page title","status":"passed","title":"renders the page title","duration":222.3825999999999,"failureMessages":[],"meta":{},"tags":[]},{"ancestorTitles":["Reports page"],"fullName":"Reports page renders ASFI Compliance Report section","status":"passed","title":"renders ASFI Compliance Report section","duration":763.7252000000003,"failureMessages":[],"meta":{},"tags":[]},{"ancestorTitles":["Reports page"],"fullName":"Reports page renders generate custom report section with type buttons","status":"passed","title":"renders generate custom report section with type buttons","duration":380.0133999999998,"failureMessages":[],"meta":{},"tags":[]},{"ancestorTitles":["Reports page"],"fullName":"Reports page renders From Date and To Date inputs","status":"passed","title":"renders From Date and To Date inputs","duration":47.94520000000011,"failureMessages":[],"meta":{},"tags":[]},{"ancestorTitles":["Reports page"],"fullName":"Reports page renders reports list when data is available","status":"passed","title":"renders reports list when data is available","duration":57.35149999999976,"failureMessages":[],"meta":{},"tags":[]},{"ancestorTitles":["Reports page"],"fullName":"Reports page calls generateAsfi when button is clicked","status":"passed","title":"calls generateAsfi when button is clicked","duration":271.91629999999986,"failureMessages":[],"meta":{},"tags":[]},{"ancestorTitles":["Reports page"],"fullName":"Reports page shows server checkboxes for server selection","status":"passed","title":"shows server checkboxes for server selection","duration":42.32750000000033,"failureMessages":[],"meta":{},"tags":[]},{"ancestorTitles":["Reports page"],"fullName":"Reports page shows empty state when no reports exist","status":"passed","title":"shows empty state when no reports exist","duration":64.38960000000043,"failureMessages":[],"meta":{},"tags":[]},{"ancestorTitles":["Reports page"],"fullName":"Reports page refreshes reports when Refresh is clicked","status":"passed","title":"refreshes reports when Refresh is clicked","duration":232.89229999999952,"failureMessages":[],"meta":{},"tags":[]},{"ancestorTitles":["Reports page"],"fullName":"Reports page validates required dates before generating a custom report","status":"passed","title":"validates required dates before generating a custom report","duration":256.2674999999999,"failureMessages":[],"meta":{},"tags":[]},{"ancestorTitles":["Reports page"],"fullName":"Reports page validates that start date is before end date","status":"passed","title":"validates that start date is before end date","duration":763.1597000000002,"failureMessages":[],"meta":{},"tags":[]},{"ancestorTitles":["Reports page"],"fullName":"Reports page generates a custom report with selected servers","status":"passed","title":"generates a custom report with selected servers","duration":344.95470000000023,"failureMessages":[],"meta":{},"tags":[]},{"ancestorTitles":["Reports page"],"fullName":"Reports page shows an error when custom report generation fails","status":"passed","title":"shows an error when custom report generation fails","duration":240.10649999999987,"failureMessages":[],"meta":{},"tags":[]},{"ancestorTitles":["Reports page"],"fullName":"Reports page shows an error when ASFI report generation fails","status":"passed","title":"shows an error when ASFI report generation fails","duration":250.2552999999998,"failureMessages":[],"meta":{},"tags":[]},{"ancestorTitles":["Reports page"],"fullName":"Reports page downloads a report successfully and handles download errors","status":"passed","title":"downloads a report successfully and handles download errors","duration":577.0201999999999,"failureMessages":[],"meta":{},"tags":[]},{"ancestorTitles":["Reports page"],"fullName":"Reports page renders period and file fallbacks when report dates or file path are missing","status":"passed","title":"renders period and file fallbacks when report dates or file path are missing","duration":47.067299999998795,"failureMessages":[],"meta":{},"tags":[]}],"startTime":1773706038343,"endTime":1773706042906.0674,"status":"passed","message":"","name":"C:/Users/siles/Documents/maestria/especialidad/codigo/proyecto-especialidad-monitoreo/frontend/src/app/pages/Reports.test.tsx"},{"assertionResults":[{"ancestorTitles":["ServersPage"],"fullName":"ServersPage renders page title and server list","status":"passed","title":"renders page title and server list","duration":93.10449999999992,"failureMessages":[],"meta":{},"tags":[]},{"ancestorTitles":["ServersPage"],"fullName":"ServersPage shows \"Add New Server\" form when Add Server button is clicked","status":"passed","title":"shows \"Add New Server\" form when Add Server button is clicked","duration":478.2745,"failureMessages":[],"meta":{},"tags":[]},{"ancestorTitles":["ServersPage"],"fullName":"ServersPage closes the form when the X button is clicked","status":"passed","title":"closes the form when the X button is clicked","duration":287.00559999999996,"failureMessages":[],"meta":{},"tags":[]},{"ancestorTitles":["ServersPage"],"fullName":"ServersPage shows edit form pre-filled when edit button is clicked","status":"passed","title":"shows edit form pre-filled when edit button is clicked","duration":113.2842999999998,"failureMessages":[],"meta":{},"tags":[]},{"ancestorTitles":["ServersPage"],"fullName":"ServersPage calls createServer when form is filled and submitted","status":"passed","title":"calls createServer when form is filled and submitted","duration":294.4783000000002,"failureMessages":[],"meta":{},"tags":[]},{"ancestorTitles":["ServersPage"],"fullName":"ServersPage calls deleteServer when delete is confirmed","status":"passed","title":"calls deleteServer when delete is confirmed","duration":102.14110000000073,"failureMessages":[],"meta":{},"tags":[]}],"startTime":1773706026307,"endTime":1773706027675.141,"status":"passed","message":"","name":"C:/Users/siles/Documents/maestria/especialidad/codigo/proyecto-especialidad-monitoreo/frontend/src/app/pages/ServersPage.test.tsx"},{"assertionResults":[{"ancestorTitles":["ImageWithFallback"],"fullName":"ImageWithFallback renders the original image before an error occurs","status":"passed","title":"renders the original image before an error occurs","duration":250.67929999999978,"failureMessages":[],"meta":{},"tags":[]},{"ancestorTitles":["ImageWithFallback"],"fullName":"ImageWithFallback renders the fallback image after a loading error","status":"passed","title":"renders the fallback image after a loading error","duration":63.208900000000085,"failureMessages":[],"meta":{},"tags":[]}],"startTime":1773706062728,"endTime":1773706063042.209,"status":"passed","message":"","name":"C:/Users/siles/Documents/maestria/especialidad/codigo/proyecto-especialidad-monitoreo/frontend/src/app/components/figma/ImageWithFallback.test.tsx"}],"coverageMap":{"C:\\Users\\siles\\Documents\\maestria\\especialidad\\codigo\\proyecto-especialidad-monitoreo\\frontend\\src\\app\\App.tsx":{"path":"C:\\Users\\siles\\Documents\\maestria\\especialidad\\codigo\\proyecto-especialidad-monitoreo\\frontend\\src\\app\\App.tsx","statementMap":{"0":{"start":{"line":8,"column":2},"end":{"line":13,"column":null}}},"fnMap":{"0":{"name":"App","decl":{"start":{"line":7,"column":24},"end":{"line":7,"column":30}},"loc":{"start":{"line":7,"column":30},"end":{"line":15,"column":null}},"line":7}},"branchMap":{},"s":{"0":1},"f":{"0":1},"b":{},"meta":{"lastBranch":0,"lastFunction":1,"lastStatement":1,"seen":{"f:7:24:7:30":0,"s:8:2:13:Infinity":0}}},"C:\\Users\\siles\\Documents\\maestria\\especialidad\\codigo\\proyecto-especialidad-monitoreo\\frontend\\src\\app\\components\\ProtectedRoute.tsx":{"path":"C:\\Users\\siles\\Documents\\maestria\\especialidad\\codigo\\proyecto-especialidad-monitoreo\\frontend\\src\\app\\components\\ProtectedRoute.tsx","statementMap":{"0":{"start":{"line":18,"column":46},"end":{"line":18,"column":null}},"1":{"start":{"line":21,"column":2},"end":{"line":30,"column":null}},"2":{"start":{"line":22,"column":4},"end":{"line":28,"column":null}},"3":{"start":{"line":33,"column":2},"end":{"line":35,"column":null}},"4":{"start":{"line":34,"column":4},"end":{"line":34,"column":null}},"5":{"start":{"line":38,"column":2},"end":{"line":57,"column":null}},"6":{"start":{"line":39,"column":4},"end":{"line":55,"column":null}},"7":{"start":{"line":49,"column":27},"end":{"line":49,"column":null}},"8":{"start":{"line":60,"column":2},"end":{"line":60,"column":null}}},"fnMap":{"0":{"name":"ProtectedRoute","decl":{"start":{"line":14,"column":16},"end":{"line":14,"column":31}},"loc":{"start":{"line":17,"column":24},"end":{"line":61,"column":null}},"line":17},"1":{"name":"(anonymous_1)","decl":{"start":{"line":49,"column":21},"end":{"line":49,"column":27}},"loc":{"start":{"line":49,"column":27},"end":{"line":49,"column":null}},"line":49}},"branchMap":{"0":{"loc":{"start":{"line":16,"column":2},"end":{"line":16,"column":null}},"type":"default-arg","locations":[{"start":{"line":16,"column":17},"end":{"line":16,"column":null}}],"line":16},"1":{"loc":{"start":{"line":21,"column":2},"end":{"line":30,"column":null}},"type":"if","locations":[{"start":{"line":21,"column":2},"end":{"line":30,"column":null}},{"start":{},"end":{}}],"line":21},"2":{"loc":{"start":{"line":33,"column":2},"end":{"line":35,"column":null}},"type":"if","locations":[{"start":{"line":33,"column":2},"end":{"line":35,"column":null}},{"start":{},"end":{}}],"line":33},"3":{"loc":{"start":{"line":38,"column":2},"end":{"line":57,"column":null}},"type":"if","locations":[{"start":{"line":38,"column":2},"end":{"line":57,"column":null}},{"start":{},"end":{}}],"line":38},"4":{"loc":{"start":{"line":38,"column":6},"end":{"line":38,"column":46}},"type":"binary-expr","locations":[{"start":{"line":38,"column":6},"end":{"line":38,"column":22}},{"start":{"line":38,"column":22},"end":{"line":38,"column":46}}],"line":38}},"s":{"0":6,"1":6,"2":1,"3":5,"4":2,"5":3,"6":1,"7":0,"8":2},"f":{"0":6,"1":0},"b":{"0":[6],"1":[1,5],"2":[2,3],"3":[1,2],"4":[3,2]},"meta":{"lastBranch":5,"lastFunction":2,"lastStatement":9,"seen":{"f:14:16:14:31":0,"b:16:17:16:Infinity":0,"s:18:46:18:Infinity":0,"b:21:2:30:Infinity:undefined:undefined:undefined:undefined":1,"s:21:2:30:Infinity":1,"s:22:4:28:Infinity":2,"b:33:2:35:Infinity:undefined:undefined:undefined:undefined":2,"s:33:2:35:Infinity":3,"s:34:4:34:Infinity":4,"b:38:2:57:Infinity:undefined:undefined:undefined:undefined":3,"s:38:2:57:Infinity":5,"b:38:6:38:22:38:22:38:46":4,"s:39:4:55:Infinity":6,"f:49:21:49:27":1,"s:49:27:49:Infinity":7,"s:60:2:60:Infinity":8}}},"C:\\Users\\siles\\Documents\\maestria\\especialidad\\codigo\\proyecto-especialidad-monitoreo\\frontend\\src\\app\\components\\RealtimeAlertsBridge.tsx":{"path":"C:\\Users\\siles\\Documents\\maestria\\especialidad\\codigo\\proyecto-especialidad-monitoreo\\frontend\\src\\app\\components\\RealtimeAlertsBridge.tsx","statementMap":{"0":{"start":{"line":7,"column":26},"end":{"line":7,"column":null}},"1":{"start":{"line":9,"column":2},"end":{"line":22,"column":null}},"2":{"start":{"line":12,"column":6},"end":{"line":12,"column":null}},"3":{"start":{"line":13,"column":21},"end":{"line":13,"column":null}},"4":{"start":{"line":14,"column":6},"end":{"line":14,"column":null}},"5":{"start":{"line":17,"column":6},"end":{"line":17,"column":null}},"6":{"start":{"line":20,"column":6},"end":{"line":20,"column":null}},"7":{"start":{"line":24,"column":2},"end":{"line":24,"column":null}},"8":{"start":{"line":24,"column":18},"end":{"line":24,"column":29}},"9":{"start":{"line":26,"column":2},"end":{"line":26,"column":null}}},"fnMap":{"0":{"name":"RealtimeAlertsBridge","decl":{"start":{"line":6,"column":16},"end":{"line":6,"column":39}},"loc":{"start":{"line":6,"column":39},"end":{"line":27,"column":null}},"line":6},"1":{"name":"(anonymous_1)","decl":{"start":{"line":11,"column":13},"end":{"line":11,"column":14}},"loc":{"start":{"line":11,"column":24},"end":{"line":15,"column":null}},"line":11},"2":{"name":"(anonymous_2)","decl":{"start":{"line":16,"column":25},"end":{"line":16,"column":26}},"loc":{"start":{"line":16,"column":36},"end":{"line":18,"column":null}},"line":16},"3":{"name":"(anonymous_3)","decl":{"start":{"line":19,"column":21},"end":{"line":19,"column":22}},"loc":{"start":{"line":19,"column":32},"end":{"line":21,"column":null}},"line":19},"4":{"name":"(anonymous_4)","decl":{"start":{"line":24,"column":12},"end":{"line":24,"column":18}},"loc":{"start":{"line":24,"column":18},"end":{"line":24,"column":29}},"line":24}},"branchMap":{"0":{"loc":{"start":{"line":13,"column":21},"end":{"line":13,"column":null}},"type":"cond-expr","locations":[{"start":{"line":13,"column":49},"end":{"line":13,"column":63}},{"start":{"line":13,"column":63},"end":{"line":13,"column":null}}],"line":13},"1":{"loc":{"start":{"line":13,"column":63},"end":{"line":13,"column":null}},"type":"cond-expr","locations":[{"start":{"line":13,"column":90},"end":{"line":13,"column":106}},{"start":{"line":13,"column":106},"end":{"line":13,"column":null}}],"line":13}},"s":{"0":2,"1":2,"2":3,"3":3,"4":3,"5":1,"6":1,"7":2,"8":2,"9":2},"f":{"0":2,"1":3,"2":1,"3":1,"4":2},"b":{"0":[1,2],"1":[1,1]},"meta":{"lastBranch":2,"lastFunction":5,"lastStatement":10,"seen":{"f:6:16:6:39":0,"s:7:26:7:Infinity":0,"s:9:2:22:Infinity":1,"f:11:13:11:14":1,"s:12:6:12:Infinity":2,"s:13:21:13:Infinity":3,"b:13:49:13:63:13:63:13:Infinity":0,"b:13:90:13:106:13:106:13:Infinity":1,"s:14:6:14:Infinity":4,"f:16:25:16:26":2,"s:17:6:17:Infinity":5,"f:19:21:19:22":3,"s:20:6:20:Infinity":6,"s:24:2:24:Infinity":7,"f:24:12:24:18":4,"s:24:18:24:29":8,"s:26:2:26:Infinity":9}}},"C:\\Users\\siles\\Documents\\maestria\\especialidad\\codigo\\proyecto-especialidad-monitoreo\\frontend\\src\\app\\components\\figma\\ImageWithFallback.tsx":{"path":"C:\\Users\\siles\\Documents\\maestria\\especialidad\\codigo\\proyecto-especialidad-monitoreo\\frontend\\src\\app\\components\\figma\\ImageWithFallback.tsx","statementMap":{"0":{"start":{"line":4,"column":2},"end":{"line":4,"column":null}},"1":{"start":{"line":7,"column":30},"end":{"line":7,"column":null}},"2":{"start":{"line":9,"column":22},"end":{"line":11,"column":null}},"3":{"start":{"line":10,"column":4},"end":{"line":10,"column":null}},"4":{"start":{"line":13,"column":50},"end":{"line":13,"column":null}},"5":{"start":{"line":15,"column":2},"end":{"line":25,"column":null}}},"fnMap":{"0":{"name":"ImageWithFallback","decl":{"start":{"line":6,"column":16},"end":{"line":6,"column":34}},"loc":{"start":{"line":6,"column":84},"end":{"line":27,"column":null}},"line":6},"1":{"name":"(anonymous_1)","decl":{"start":{"line":9,"column":22},"end":{"line":9,"column":28}},"loc":{"start":{"line":9,"column":28},"end":{"line":11,"column":null}},"line":9}},"branchMap":{"0":{"loc":{"start":{"line":15,"column":9},"end":{"line":25,"column":null}},"type":"cond-expr","locations":[{"start":{"line":16,"column":4},"end":{"line":23,"column":null}},{"start":{"line":25,"column":4},"end":{"line":25,"column":null}}],"line":15},"1":{"loc":{"start":{"line":17,"column":70},"end":{"line":17,"column":85}},"type":"binary-expr","locations":[{"start":{"line":17,"column":70},"end":{"line":17,"column":83}},{"start":{"line":17,"column":83},"end":{"line":17,"column":85}}],"line":17}},"s":{"0":1,"1":3,"2":3,"3":1,"4":3,"5":3},"f":{"0":3,"1":1},"b":{"0":[1,2],"1":[1,0]},"meta":{"lastBranch":2,"lastFunction":2,"lastStatement":6,"seen":{"s:4:2:4:Infinity":0,"f:6:16:6:34":0,"s:7:30:7:Infinity":1,"s:9:22:11:Infinity":2,"f:9:22:9:28":1,"s:10:4:10:Infinity":3,"s:13:50:13:Infinity":4,"s:15:2:25:Infinity":5,"b:16:4:23:Infinity:25:4:25:Infinity":0,"b:17:70:17:83:17:83:17:85":1}}},"C:\\Users\\siles\\Documents\\maestria\\especialidad\\codigo\\proyecto-especialidad-monitoreo\\frontend\\src\\app\\components\\Layout.tsx":{"path":"C:\\Users\\siles\\Documents\\maestria\\especialidad\\codigo\\proyecto-especialidad-monitoreo\\frontend\\src\\app\\components\\Layout.tsx","statementMap":{"0":{"start":{"line":7,"column":8},"end":{"line":7,"column":null}},"1":{"start":{"line":8,"column":8},"end":{"line":8,"column":null}},"2":{"start":{"line":9,"column":17},"end":{"line":9,"column":null}},"3":{"start":{"line":10,"column":42},"end":{"line":10,"column":null}},"4":{"start":{"line":12,"column":23},"end":{"line":19,"column":null}},"5":{"start":{"line":13,"column":4},"end":{"line":18,"column":null}},"6":{"start":{"line":14,"column":6},"end":{"line":14,"column":null}},"7":{"start":{"line":15,"column":6},"end":{"line":15,"column":null}},"8":{"start":{"line":17,"column":6},"end":{"line":17,"column":null}},"9":{"start":{"line":21,"column":19},"end":{"line":26,"column":null}},"10":{"start":{"line":28,"column":2},"end":{"line":119,"column":null}},"11":{"start":{"line":41,"column":27},"end":{"line":41,"column":null}},"12":{"start":{"line":42,"column":31},"end":{"line":42,"column":null}},"13":{"start":{"line":43,"column":14},"end":{"line":55,"column":null}},"14":{"start":{"line":82,"column":29},"end":{"line":82,"column":null}},"15":{"start":{"line":93,"column":27},"end":{"line":93,"column":null}},"16":{"start":{"line":94,"column":31},"end":{"line":94,"column":null}},"17":{"start":{"line":95,"column":14},"end":{"line":108,"column":null}},"18":{"start":{"line":99,"column":33},"end":{"line":99,"column":null}}},"fnMap":{"0":{"name":"Layout","decl":{"start":{"line":6,"column":16},"end":{"line":6,"column":25}},"loc":{"start":{"line":6,"column":25},"end":{"line":121,"column":null}},"line":6},"1":{"name":"(anonymous_1)","decl":{"start":{"line":12,"column":23},"end":{"line":12,"column":35}},"loc":{"start":{"line":12,"column":35},"end":{"line":19,"column":null}},"line":12},"2":{"name":"(anonymous_2)","decl":{"start":{"line":40,"column":26},"end":{"line":40,"column":27}},"loc":{"start":{"line":40,"column":36},"end":{"line":57,"column":13}},"line":40},"3":{"name":"(anonymous_3)","decl":{"start":{"line":82,"column":23},"end":{"line":82,"column":29}},"loc":{"start":{"line":82,"column":29},"end":{"line":82,"column":null}},"line":82},"4":{"name":"(anonymous_4)","decl":{"start":{"line":92,"column":26},"end":{"line":92,"column":27}},"loc":{"start":{"line":92,"column":36},"end":{"line":110,"column":13}},"line":92},"5":{"name":"(anonymous_5)","decl":{"start":{"line":99,"column":27},"end":{"line":99,"column":33}},"loc":{"start":{"line":99,"column":33},"end":{"line":99,"column":null}},"line":99}},"branchMap":{"0":{"loc":{"start":{"line":48,"column":20},"end":{"line":50,"column":null}},"type":"cond-expr","locations":[{"start":{"line":49,"column":24},"end":{"line":49,"column":null}},{"start":{"line":50,"column":24},"end":{"line":50,"column":null}}],"line":48},"1":{"loc":{"start":{"line":90,"column":9},"end":{"line":111,"column":null}},"type":"binary-expr","locations":[{"start":{"line":90,"column":9},"end":{"line":90,"column":null}},{"start":{"line":91,"column":10},"end":{"line":111,"column":null}}],"line":90},"2":{"loc":{"start":{"line":101,"column":20},"end":{"line":103,"column":null}},"type":"cond-expr","locations":[{"start":{"line":102,"column":24},"end":{"line":102,"column":null}},{"start":{"line":103,"column":24},"end":{"line":103,"column":null}}],"line":101}},"s":{"0":5,"1":5,"2":5,"3":5,"4":5,"5":1,"6":1,"7":1,"8":0,"9":5,"10":5,"11":20,"12":20,"13":20,"14":1,"15":4,"16":4,"17":4,"18":1},"f":{"0":5,"1":1,"2":20,"3":1,"4":4,"5":1},"b":{"0":[5,15],"1":[5,1],"2":[1,3]},"meta":{"lastBranch":3,"lastFunction":6,"lastStatement":19,"seen":{"f:6:16:6:25":0,"s:7:8:7:Infinity":0,"s:8:8:8:Infinity":1,"s:9:17:9:Infinity":2,"s:10:42:10:Infinity":3,"s:12:23:19:Infinity":4,"f:12:23:12:35":1,"s:13:4:18:Infinity":5,"s:14:6:14:Infinity":6,"s:15:6:15:Infinity":7,"s:17:6:17:Infinity":8,"s:21:19:26:Infinity":9,"s:28:2:119:Infinity":10,"f:40:26:40:27":2,"s:41:27:41:Infinity":11,"s:42:31:42:Infinity":12,"s:43:14:55:Infinity":13,"b:49:24:49:Infinity:50:24:50:Infinity":0,"f:82:23:82:29":3,"s:82:29:82:Infinity":14,"b:90:9:90:Infinity:91:10:111:Infinity":1,"f:92:26:92:27":4,"s:93:27:93:Infinity":15,"s:94:31:94:Infinity":16,"s:95:14:108:Infinity":17,"f:99:27:99:33":5,"s:99:33:99:Infinity":18,"b:102:24:102:Infinity:103:24:103:Infinity":2}}},"C:\\Users\\siles\\Documents\\maestria\\especialidad\\codigo\\proyecto-especialidad-monitoreo\\frontend\\src\\app\\pages\\Login.tsx":{"path":"C:\\Users\\siles\\Documents\\maestria\\especialidad\\codigo\\proyecto-especialidad-monitoreo\\frontend\\src\\app\\pages\\Login.tsx","statementMap":{"0":{"start":{"line":11,"column":8},"end":{"line":11,"column":null}},"1":{"start":{"line":12,"column":16},"end":{"line":12,"column":null}},"2":{"start":{"line":13,"column":30},"end":{"line":13,"column":null}},"3":{"start":{"line":14,"column":30},"end":{"line":14,"column":null}},"4":{"start":{"line":15,"column":34},"end":{"line":15,"column":null}},"5":{"start":{"line":16,"column":28},"end":{"line":16,"column":null}},"6":{"start":{"line":17,"column":24},"end":{"line":17,"column":null}},"7":{"start":{"line":19,"column":22},"end":{"line":42,"column":null}},"8":{"start":{"line":20,"column":4},"end":{"line":20,"column":null}},"9":{"start":{"line":23,"column":4},"end":{"line":26,"column":null}},"10":{"start":{"line":24,"column":6},"end":{"line":24,"column":null}},"11":{"start":{"line":25,"column":6},"end":{"line":25,"column":null}},"12":{"start":{"line":28,"column":4},"end":{"line":28,"column":null}},"13":{"start":{"line":29,"column":4},"end":{"line":29,"column":null}},"14":{"start":{"line":31,"column":4},"end":{"line":41,"column":null}},"15":{"start":{"line":32,"column":6},"end":{"line":32,"column":null}},"16":{"start":{"line":34,"column":6},"end":{"line":34,"column":null}},"17":{"start":{"line":36,"column":12},"end":{"line":36,"column":null}},"18":{"start":{"line":37,"column":6},"end":{"line":37,"column":null}},"19":{"start":{"line":38,"column":6},"end":{"line":38,"column":null}},"20":{"start":{"line":40,"column":6},"end":{"line":40,"column":null}},"21":{"start":{"line":44,"column":2},"end":{"line":158,"column":null}},"22":{"start":{"line":99,"column":41},"end":{"line":99,"column":null}},"23":{"start":{"line":115,"column":41},"end":{"line":115,"column":null}},"24":{"start":{"line":126,"column":52},"end":{"line":126,"column":null}}},"fnMap":{"0":{"name":"Login","decl":{"start":{"line":10,"column":16},"end":{"line":10,"column":24}},"loc":{"start":{"line":10,"column":24},"end":{"line":160,"column":null}},"line":10},"1":{"name":"(anonymous_1)","decl":{"start":{"line":19,"column":22},"end":{"line":19,"column":29}},"loc":{"start":{"line":19,"column":52},"end":{"line":42,"column":null}},"line":19},"2":{"name":"(anonymous_2)","decl":{"start":{"line":99,"column":34},"end":{"line":99,"column":35}},"loc":{"start":{"line":99,"column":41},"end":{"line":99,"column":null}},"line":99},"3":{"name":"(anonymous_3)","decl":{"start":{"line":115,"column":34},"end":{"line":115,"column":35}},"loc":{"start":{"line":115,"column":41},"end":{"line":115,"column":null}},"line":115},"4":{"name":"(anonymous_4)","decl":{"start":{"line":126,"column":39},"end":{"line":126,"column":40}},"loc":{"start":{"line":126,"column":52},"end":{"line":126,"column":null}},"line":126}},"branchMap":{"0":{"loc":{"start":{"line":23,"column":4},"end":{"line":26,"column":null}},"type":"if","locations":[{"start":{"line":23,"column":4},"end":{"line":26,"column":null}},{"start":{},"end":{}}],"line":23},"1":{"loc":{"start":{"line":23,"column":8},"end":{"line":23,"column":32}},"type":"binary-expr","locations":[{"start":{"line":23,"column":8},"end":{"line":23,"column":21}},{"start":{"line":23,"column":21},"end":{"line":23,"column":32}}],"line":23},"2":{"loc":{"start":{"line":82,"column":19},"end":{"line":86,"column":null}},"type":"binary-expr","locations":[{"start":{"line":82,"column":19},"end":{"line":82,"column":null}},{"start":{"line":83,"column":20},"end":{"line":86,"column":null}}],"line":82},"3":{"loc":{"start":{"line":140,"column":21},"end":{"line":140,"column":null}},"type":"cond-expr","locations":[{"start":{"line":140,"column":31},"end":{"line":140,"column":49}},{"start":{"line":140,"column":49},"end":{"line":140,"column":null}}],"line":140}},"s":{"0":30,"1":30,"2":30,"3":30,"4":30,"5":30,"6":30,"7":30,"8":3,"9":3,"10":1,"11":1,"12":2,"13":2,"14":2,"15":2,"16":1,"17":1,"18":1,"19":1,"20":2,"21":30,"22":10,"23":11,"24":0},"f":{"0":30,"1":3,"2":10,"3":11,"4":0},"b":{"0":[1,2],"1":[3,2],"2":[30,2],"3":[2,28]},"meta":{"lastBranch":4,"lastFunction":5,"lastStatement":25,"seen":{"f:10:16:10:24":0,"s:11:8:11:Infinity":0,"s:12:16:12:Infinity":1,"s:13:30:13:Infinity":2,"s:14:30:14:Infinity":3,"s:15:34:15:Infinity":4,"s:16:28:16:Infinity":5,"s:17:24:17:Infinity":6,"s:19:22:42:Infinity":7,"f:19:22:19:29":1,"s:20:4:20:Infinity":8,"b:23:4:26:Infinity:undefined:undefined:undefined:undefined":0,"s:23:4:26:Infinity":9,"b:23:8:23:21:23:21:23:32":1,"s:24:6:24:Infinity":10,"s:25:6:25:Infinity":11,"s:28:4:28:Infinity":12,"s:29:4:29:Infinity":13,"s:31:4:41:Infinity":14,"s:32:6:32:Infinity":15,"s:34:6:34:Infinity":16,"s:36:12:36:Infinity":17,"s:37:6:37:Infinity":18,"s:38:6:38:Infinity":19,"s:40:6:40:Infinity":20,"s:44:2:158:Infinity":21,"b:82:19:82:Infinity:83:20:86:Infinity":2,"f:99:34:99:35":2,"s:99:41:99:Infinity":22,"f:115:34:115:35":3,"s:115:41:115:Infinity":23,"f:126:39:126:40":4,"s:126:52:126:Infinity":24,"b:140:31:140:49:140:49:140:Infinity":3}}},"C:\\Users\\siles\\Documents\\maestria\\especialidad\\codigo\\proyecto-especialidad-monitoreo\\frontend\\src\\app\\pages\\AlertsManagement.tsx":{"path":"C:\\Users\\siles\\Documents\\maestria\\especialidad\\codigo\\proyecto-especialidad-monitoreo\\frontend\\src\\app\\pages\\AlertsManagement.tsx","statementMap":{"0":{"start":{"line":23,"column":2},"end":{"line":23,"column":null}},"1":{"start":{"line":25,"column":18},"end":{"line":25,"column":null}},"2":{"start":{"line":28,"column":38},"end":{"line":33,"column":null}},"3":{"start":{"line":34,"column":30},"end":{"line":34,"column":null}},"4":{"start":{"line":35,"column":24},"end":{"line":35,"column":null}},"5":{"start":{"line":36,"column":28},"end":{"line":36,"column":null}},"6":{"start":{"line":39,"column":2},"end":{"line":47,"column":null}},"7":{"start":{"line":40,"column":4},"end":{"line":46,"column":null}},"8":{"start":{"line":41,"column":20},"end":{"line":44,"column":null}},"9":{"start":{"line":42,"column":8},"end":{"line":42,"column":null}},"10":{"start":{"line":43,"column":8},"end":{"line":43,"column":null}},"11":{"start":{"line":45,"column":6},"end":{"line":45,"column":null}},"12":{"start":{"line":45,"column":19},"end":{"line":45,"column":null}},"13":{"start":{"line":50,"column":32},"end":{"line":77,"column":null}},"14":{"start":{"line":51,"column":4},"end":{"line":51,"column":null}},"15":{"start":{"line":53,"column":4},"end":{"line":56,"column":null}},"16":{"start":{"line":54,"column":6},"end":{"line":54,"column":null}},"17":{"start":{"line":55,"column":6},"end":{"line":55,"column":null}},"18":{"start":{"line":58,"column":4},"end":{"line":58,"column":null}},"19":{"start":{"line":59,"column":4},"end":{"line":59,"column":null}},"20":{"start":{"line":60,"column":4},"end":{"line":60,"column":null}},"21":{"start":{"line":62,"column":4},"end":{"line":76,"column":null}},"22":{"start":{"line":63,"column":6},"end":{"line":63,"column":null}},"23":{"start":{"line":64,"column":6},"end":{"line":64,"column":null}},"24":{"start":{"line":65,"column":6},"end":{"line":70,"column":null}},"25":{"start":{"line":71,"column":6},"end":{"line":71,"column":null}},"26":{"start":{"line":73,"column":6},"end":{"line":73,"column":null}},"27":{"start":{"line":75,"column":6},"end":{"line":75,"column":null}},"28":{"start":{"line":80,"column":32},"end":{"line":89,"column":null}},"29":{"start":{"line":81,"column":4},"end":{"line":81,"column":null}},"30":{"start":{"line":81,"column":69},"end":{"line":81,"column":null}},"31":{"start":{"line":83,"column":4},"end":{"line":88,"column":null}},"32":{"start":{"line":84,"column":6},"end":{"line":84,"column":null}},"33":{"start":{"line":85,"column":6},"end":{"line":85,"column":null}},"34":{"start":{"line":87,"column":6},"end":{"line":87,"column":null}},"35":{"start":{"line":92,"column":28},"end":{"line":100,"column":null}},"36":{"start":{"line":93,"column":4},"end":{"line":99,"column":null}},"37":{"start":{"line":94,"column":6},"end":{"line":94,"column":null}},"38":{"start":{"line":95,"column":6},"end":{"line":95,"column":null}},"39":{"start":{"line":96,"column":6},"end":{"line":96,"column":null}},"40":{"start":{"line":98,"column":6},"end":{"line":98,"column":null}},"41":{"start":{"line":103,"column":24},"end":{"line":111,"column":null}},"42":{"start":{"line":104,"column":4},"end":{"line":110,"column":null}},"43":{"start":{"line":105,"column":6},"end":{"line":105,"column":null}},"44":{"start":{"line":106,"column":6},"end":{"line":106,"column":null}},"45":{"start":{"line":107,"column":6},"end":{"line":107,"column":null}},"46":{"start":{"line":109,"column":6},"end":{"line":109,"column":null}},"47":{"start":{"line":113,"column":27},"end":{"line":124,"column":null}},"48":{"start":{"line":114,"column":4},"end":{"line":123,"column":null}},"49":{"start":{"line":116,"column":8},"end":{"line":116,"column":null}},"50":{"start":{"line":118,"column":8},"end":{"line":118,"column":null}},"51":{"start":{"line":120,"column":8},"end":{"line":120,"column":null}},"52":{"start":{"line":122,"column":8},"end":{"line":122,"column":null}},"53":{"start":{"line":126,"column":25},"end":{"line":133,"column":null}},"54":{"start":{"line":127,"column":4},"end":{"line":132,"column":null}},"55":{"start":{"line":128,"column":18},"end":{"line":128,"column":null}},"56":{"start":{"line":129,"column":21},"end":{"line":129,"column":null}},"57":{"start":{"line":130,"column":19},"end":{"line":130,"column":null}},"58":{"start":{"line":131,"column":15},"end":{"line":131,"column":null}},"59":{"start":{"line":135,"column":2},"end":{"line":432,"column":null}},"60":{"start":{"line":142,"column":12},"end":{"line":142,"column":null}},"61":{"start":{"line":143,"column":12},"end":{"line":143,"column":null}},"62":{"start":{"line":187,"column":20},"end":{"line":230,"column":null}},"63":{"start":{"line":214,"column":43},"end":{"line":214,"column":null}},"64":{"start":{"line":223,"column":41},"end":{"line":223,"column":null}},"65":{"start":{"line":262,"column":26},"end":{"line":285,"column":null}},"66":{"start":{"line":312,"column":41},"end":{"line":312,"column":null}},"67":{"start":{"line":318,"column":26},"end":{"line":318,"column":null}},"68":{"start":{"line":328,"column":41},"end":{"line":328,"column":null}},"69":{"start":{"line":345,"column":41},"end":{"line":345,"column":null}},"70":{"start":{"line":356,"column":41},"end":{"line":356,"column":null}},"71":{"start":{"line":388,"column":22},"end":{"line":417,"column":null}},"72":{"start":{"line":401,"column":43},"end":{"line":401,"column":null}}},"fnMap":{"0":{"name":"AlertsManagement","decl":{"start":{"line":11,"column":16},"end":{"line":11,"column":35}},"loc":{"start":{"line":11,"column":35},"end":{"line":434,"column":null}},"line":11},"1":{"name":"(anonymous_1)","decl":{"start":{"line":39,"column":12},"end":{"line":39,"column":18}},"loc":{"start":{"line":39,"column":18},"end":{"line":47,"column":5}},"line":39},"2":{"name":"(anonymous_2)","decl":{"start":{"line":41,"column":31},"end":{"line":41,"column":37}},"loc":{"start":{"line":41,"column":37},"end":{"line":44,"column":9}},"line":41},"3":{"name":"(anonymous_3)","decl":{"start":{"line":45,"column":13},"end":{"line":45,"column":19}},"loc":{"start":{"line":45,"column":19},"end":{"line":45,"column":null}},"line":45},"4":{"name":"(anonymous_4)","decl":{"start":{"line":50,"column":32},"end":{"line":50,"column":39}},"loc":{"start":{"line":50,"column":62},"end":{"line":77,"column":null}},"line":50},"5":{"name":"(anonymous_5)","decl":{"start":{"line":80,"column":32},"end":{"line":80,"column":39}},"loc":{"start":{"line":80,"column":54},"end":{"line":89,"column":null}},"line":80},"6":{"name":"(anonymous_6)","decl":{"start":{"line":92,"column":28},"end":{"line":92,"column":35}},"loc":{"start":{"line":92,"column":50},"end":{"line":100,"column":null}},"line":92},"7":{"name":"(anonymous_7)","decl":{"start":{"line":103,"column":24},"end":{"line":103,"column":31}},"loc":{"start":{"line":103,"column":46},"end":{"line":111,"column":null}},"line":103},"8":{"name":"(anonymous_8)","decl":{"start":{"line":113,"column":27},"end":{"line":113,"column":28}},"loc":{"start":{"line":113,"column":49},"end":{"line":124,"column":null}},"line":113},"9":{"name":"(anonymous_9)","decl":{"start":{"line":126,"column":25},"end":{"line":126,"column":26}},"loc":{"start":{"line":126,"column":45},"end":{"line":133,"column":null}},"line":126},"10":{"name":"(anonymous_10)","decl":{"start":{"line":141,"column":19},"end":{"line":141,"column":25}},"loc":{"start":{"line":141,"column":25},"end":{"line":144,"column":null}},"line":141},"11":{"name":"(anonymous_11)","decl":{"start":{"line":186,"column":36},"end":{"line":186,"column":37}},"loc":{"start":{"line":187,"column":20},"end":{"line":230,"column":null}},"line":187},"12":{"name":"(anonymous_12)","decl":{"start":{"line":214,"column":37},"end":{"line":214,"column":43}},"loc":{"start":{"line":214,"column":43},"end":{"line":214,"column":null}},"line":214},"13":{"name":"(anonymous_13)","decl":{"start":{"line":223,"column":35},"end":{"line":223,"column":41}},"loc":{"start":{"line":223,"column":41},"end":{"line":223,"column":null}},"line":223},"14":{"name":"(anonymous_14)","decl":{"start":{"line":261,"column":36},"end":{"line":261,"column":37}},"loc":{"start":{"line":262,"column":26},"end":{"line":285,"column":null}},"line":262},"15":{"name":"(anonymous_15)","decl":{"start":{"line":312,"column":34},"end":{"line":312,"column":35}},"loc":{"start":{"line":312,"column":41},"end":{"line":312,"column":null}},"line":312},"16":{"name":"(anonymous_16)","decl":{"start":{"line":317,"column":37},"end":{"line":317,"column":38}},"loc":{"start":{"line":318,"column":26},"end":{"line":318,"column":null}},"line":318},"17":{"name":"(anonymous_17)","decl":{"start":{"line":328,"column":34},"end":{"line":328,"column":35}},"loc":{"start":{"line":328,"column":41},"end":{"line":328,"column":null}},"line":328},"18":{"name":"(anonymous_18)","decl":{"start":{"line":345,"column":34},"end":{"line":345,"column":35}},"loc":{"start":{"line":345,"column":41},"end":{"line":345,"column":null}},"line":345},"19":{"name":"(anonymous_19)","decl":{"start":{"line":356,"column":34},"end":{"line":356,"column":35}},"loc":{"start":{"line":356,"column":41},"end":{"line":356,"column":null}},"line":356},"20":{"name":"(anonymous_20)","decl":{"start":{"line":387,"column":36},"end":{"line":387,"column":37}},"loc":{"start":{"line":388,"column":22},"end":{"line":417,"column":null}},"line":388},"21":{"name":"(anonymous_21)","decl":{"start":{"line":401,"column":37},"end":{"line":401,"column":43}},"loc":{"start":{"line":401,"column":43},"end":{"line":401,"column":null}},"line":401}},"branchMap":{"0":{"loc":{"start":{"line":40,"column":4},"end":{"line":46,"column":null}},"type":"if","locations":[{"start":{"line":40,"column":4},"end":{"line":46,"column":null}},{"start":{},"end":{}}],"line":40},"1":{"loc":{"start":{"line":40,"column":8},"end":{"line":40,"column":26}},"type":"binary-expr","locations":[{"start":{"line":40,"column":8},"end":{"line":40,"column":17}},{"start":{"line":40,"column":17},"end":{"line":40,"column":26}}],"line":40},"2":{"loc":{"start":{"line":53,"column":4},"end":{"line":56,"column":null}},"type":"if","locations":[{"start":{"line":53,"column":4},"end":{"line":56,"column":null}},{"start":{},"end":{}}],"line":53},"3":{"loc":{"start":{"line":81,"column":4},"end":{"line":81,"column":null}},"type":"if","locations":[{"start":{"line":81,"column":4},"end":{"line":81,"column":null}},{"start":{},"end":{}}],"line":81},"4":{"loc":{"start":{"line":114,"column":4},"end":{"line":123,"column":null}},"type":"switch","locations":[{"start":{"line":115,"column":6},"end":{"line":116,"column":null}},{"start":{"line":117,"column":6},"end":{"line":118,"column":null}},{"start":{"line":119,"column":6},"end":{"line":120,"column":null}},{"start":{"line":121,"column":6},"end":{"line":122,"column":null}}],"line":114},"5":{"loc":{"start":{"line":127,"column":4},"end":{"line":132,"column":null}},"type":"switch","locations":[{"start":{"line":128,"column":6},"end":{"line":128,"column":null}},{"start":{"line":129,"column":6},"end":{"line":129,"column":null}},{"start":{"line":130,"column":6},"end":{"line":130,"column":null}},{"start":{"line":131,"column":6},"end":{"line":131,"column":null}}],"line":127},"6":{"loc":{"start":{"line":148,"column":43},"end":{"line":148,"column":72}},"type":"cond-expr","locations":[{"start":{"line":148,"column":53},"end":{"line":148,"column":70}},{"start":{"line":148,"column":70},"end":{"line":148,"column":72}}],"line":148},"7":{"loc":{"start":{"line":154,"column":7},"end":{"line":158,"column":null}},"type":"binary-expr","locations":[{"start":{"line":154,"column":7},"end":{"line":154,"column":null}},{"start":{"line":155,"column":8},"end":{"line":158,"column":null}}],"line":154},"8":{"loc":{"start":{"line":161,"column":7},"end":{"line":165,"column":null}},"type":"binary-expr","locations":[{"start":{"line":161,"column":7},"end":{"line":161,"column":null}},{"start":{"line":162,"column":8},"end":{"line":165,"column":null}}],"line":161},"9":{"loc":{"start":{"line":180,"column":15},"end":{"line":237,"column":null}},"type":"cond-expr","locations":[{"start":{"line":181,"column":16},"end":{"line":183,"column":null}},{"start":{"line":184,"column":18},"end":{"line":237,"column":null}}],"line":180},"10":{"loc":{"start":{"line":180,"column":15},"end":{"line":180,"column":null}},"type":"binary-expr","locations":[{"start":{"line":180,"column":15},"end":{"line":180,"column":26}},{"start":{"line":180,"column":26},"end":{"line":180,"column":null}}],"line":180},"11":{"loc":{"start":{"line":184,"column":18},"end":{"line":237,"column":null}},"type":"cond-expr","locations":[{"start":{"line":185,"column":16},"end":{"line":232,"column":null}},{"start":{"line":234,"column":16},"end":{"line":237,"column":null}}],"line":184},"12":{"loc":{"start":{"line":192,"column":30},"end":{"line":193,"column":null}},"type":"cond-expr","locations":[{"start":{"line":192,"column":62},"end":{"line":192,"column":null}},{"start":{"line":193,"column":30},"end":{"line":193,"column":null}}],"line":192},"13":{"loc":{"start":{"line":193,"column":30},"end":{"line":193,"column":null}},"type":"cond-expr","locations":[{"start":{"line":193,"column":61},"end":{"line":193,"column":81}},{"start":{"line":193,"column":81},"end":{"line":193,"column":null}}],"line":193},"14":{"loc":{"start":{"line":198,"column":43},"end":{"line":198,"column":80}},"type":"binary-expr","locations":[{"start":{"line":198,"column":43},"end":{"line":198,"column":64}},{"start":{"line":198,"column":64},"end":{"line":198,"column":80}}],"line":198},"15":{"loc":{"start":{"line":210,"column":25},"end":{"line":219,"column":null}},"type":"binary-expr","locations":[{"start":{"line":210,"column":25},"end":{"line":210,"column":null}},{"start":{"line":211,"column":26},"end":{"line":219,"column":null}}],"line":210},"16":{"loc":{"start":{"line":243,"column":15},"end":{"line":295,"column":null}},"type":"cond-expr","locations":[{"start":{"line":244,"column":16},"end":{"line":246,"column":null}},{"start":{"line":247,"column":18},"end":{"line":295,"column":null}}],"line":243},"17":{"loc":{"start":{"line":243,"column":15},"end":{"line":243,"column":null}},"type":"binary-expr","locations":[{"start":{"line":243,"column":15},"end":{"line":243,"column":26}},{"start":{"line":243,"column":26},"end":{"line":243,"column":null}}],"line":243},"18":{"loc":{"start":{"line":247,"column":18},"end":{"line":295,"column":null}},"type":"cond-expr","locations":[{"start":{"line":248,"column":16},"end":{"line":290,"column":null}},{"start":{"line":292,"column":16},"end":{"line":295,"column":null}}],"line":247},"19":{"loc":{"start":{"line":264,"column":77},"end":{"line":264,"column":114}},"type":"binary-expr","locations":[{"start":{"line":264,"column":77},"end":{"line":264,"column":98}},{"start":{"line":264,"column":98},"end":{"line":264,"column":114}}],"line":264},"20":{"loc":{"start":{"line":274,"column":31},"end":{"line":282,"column":null}},"type":"cond-expr","locations":[{"start":{"line":275,"column":32},"end":{"line":278,"column":null}},{"start":{"line":279,"column":34},"end":{"line":282,"column":null}}],"line":274},"21":{"loc":{"start":{"line":279,"column":34},"end":{"line":282,"column":null}},"type":"cond-expr","locations":[{"start":{"line":280,"column":32},"end":{"line":280,"column":null}},{"start":{"line":282,"column":32},"end":{"line":282,"column":null}}],"line":279},"22":{"loc":{"start":{"line":372,"column":23},"end":{"line":372,"column":null}},"type":"cond-expr","locations":[{"start":{"line":372,"column":34},"end":{"line":372,"column":50}},{"start":{"line":372,"column":50},"end":{"line":372,"column":null}}],"line":372},"23":{"loc":{"start":{"line":381,"column":17},"end":{"line":425,"column":null}},"type":"cond-expr","locations":[{"start":{"line":382,"column":18},"end":{"line":384,"column":null}},{"start":{"line":385,"column":20},"end":{"line":425,"column":null}}],"line":381},"24":{"loc":{"start":{"line":381,"column":17},"end":{"line":381,"column":null}},"type":"binary-expr","locations":[{"start":{"line":381,"column":17},"end":{"line":381,"column":28}},{"start":{"line":381,"column":28},"end":{"line":381,"column":null}}],"line":381},"25":{"loc":{"start":{"line":385,"column":20},"end":{"line":425,"column":null}},"type":"cond-expr","locations":[{"start":{"line":386,"column":18},"end":{"line":419,"column":null}},{"start":{"line":421,"column":18},"end":{"line":425,"column":null}}],"line":385}},"s":{"0":31,"1":31,"2":31,"3":31,"4":31,"5":31,"6":31,"7":27,"8":10,"9":0,"10":0,"11":10,"12":10,"13":31,"14":3,"15":3,"16":1,"17":1,"18":2,"19":2,"20":2,"21":2,"22":2,"23":1,"24":1,"25":1,"26":1,"27":2,"28":31,"29":3,"30":1,"31":2,"32":2,"33":1,"34":1,"35":31,"36":3,"37":3,"38":2,"39":2,"40":1,"41":31,"42":2,"43":2,"44":1,"45":1,"46":1,"47":31,"48":89,"49":57,"50":30,"51":2,"52":0,"53":31,"54":29,"55":29,"56":0,"57":0,"58":0,"59":31,"60":1,"61":1,"62":29,"63":3,"64":2,"65":31,"66":2,"67":31,"68":0,"69":0,"70":0,"71":29,"72":3},"f":{"0":31,"1":27,"2":0,"3":10,"4":3,"5":3,"6":3,"7":2,"8":89,"9":29,"10":1,"11":29,"12":3,"13":2,"14":31,"15":2,"16":31,"17":0,"18":0,"19":0,"20":29,"21":3},"b":{"0":[10,17],"1":[27,22],"2":[1,2],"3":[1,2],"4":[57,30,2,0],"5":[29,0,0,0],"6":[1,30],"7":[31,5],"8":[31,6],"9":[1,30],"10":[31,1],"11":[29,1],"12":[28,1],"13":[0,1],"14":[29,1],"15":[29,28],"16":[1,30],"17":[31,1],"18":[29,1],"19":[31,3],"20":[1,30],"21":[1,29],"22":[2,29],"23":[1,30],"24":[31,1],"25":[29,1]},"meta":{"lastBranch":26,"lastFunction":22,"lastStatement":73,"seen":{"f:11:16:11:35":0,"s:23:2:23:Infinity":0,"s:25:18:25:Infinity":1,"s:28:38:33:Infinity":2,"s:34:30:34:Infinity":3,"s:35:24:35:Infinity":4,"s:36:28:36:Infinity":5,"s:39:2:47:Infinity":6,"f:39:12:39:18":1,"b:40:4:46:Infinity:undefined:undefined:undefined:undefined":0,"s:40:4:46:Infinity":7,"b:40:8:40:17:40:17:40:26":1,"s:41:20:44:Infinity":8,"f:41:31:41:37":2,"s:42:8:42:Infinity":9,"s:43:8:43:Infinity":10,"s:45:6:45:Infinity":11,"f:45:13:45:19":3,"s:45:19:45:Infinity":12,"s:50:32:77:Infinity":13,"f:50:32:50:39":4,"s:51:4:51:Infinity":14,"b:53:4:56:Infinity:undefined:undefined:undefined:undefined":2,"s:53:4:56:Infinity":15,"s:54:6:54:Infinity":16,"s:55:6:55:Infinity":17,"s:58:4:58:Infinity":18,"s:59:4:59:Infinity":19,"s:60:4:60:Infinity":20,"s:62:4:76:Infinity":21,"s:63:6:63:Infinity":22,"s:64:6:64:Infinity":23,"s:65:6:70:Infinity":24,"s:71:6:71:Infinity":25,"s:73:6:73:Infinity":26,"s:75:6:75:Infinity":27,"s:80:32:89:Infinity":28,"f:80:32:80:39":5,"b:81:4:81:Infinity:undefined:undefined:undefined:undefined":3,"s:81:4:81:Infinity":29,"s:81:69:81:Infinity":30,"s:83:4:88:Infinity":31,"s:84:6:84:Infinity":32,"s:85:6:85:Infinity":33,"s:87:6:87:Infinity":34,"s:92:28:100:Infinity":35,"f:92:28:92:35":6,"s:93:4:99:Infinity":36,"s:94:6:94:Infinity":37,"s:95:6:95:Infinity":38,"s:96:6:96:Infinity":39,"s:98:6:98:Infinity":40,"s:103:24:111:Infinity":41,"f:103:24:103:31":7,"s:104:4:110:Infinity":42,"s:105:6:105:Infinity":43,"s:106:6:106:Infinity":44,"s:107:6:107:Infinity":45,"s:109:6:109:Infinity":46,"s:113:27:124:Infinity":47,"f:113:27:113:28":8,"b:115:6:116:Infinity:117:6:118:Infinity:119:6:120:Infinity:121:6:122:Infinity":4,"s:114:4:123:Infinity":48,"s:116:8:116:Infinity":49,"s:118:8:118:Infinity":50,"s:120:8:120:Infinity":51,"s:122:8:122:Infinity":52,"s:126:25:133:Infinity":53,"f:126:25:126:26":9,"b:128:6:128:Infinity:129:6:129:Infinity:130:6:130:Infinity:131:6:131:Infinity":5,"s:127:4:132:Infinity":54,"s:128:18:128:Infinity":55,"s:129:21:129:Infinity":56,"s:130:19:130:Infinity":57,"s:131:15:131:Infinity":58,"s:135:2:432:Infinity":59,"f:141:19:141:25":10,"s:142:12:142:Infinity":60,"s:143:12:143:Infinity":61,"b:148:53:148:70:148:70:148:72":6,"b:154:7:154:Infinity:155:8:158:Infinity":7,"b:161:7:161:Infinity:162:8:165:Infinity":8,"b:181:16:183:Infinity:184:18:237:Infinity":9,"b:180:15:180:26:180:26:180:Infinity":10,"b:185:16:232:Infinity:234:16:237:Infinity":11,"f:186:36:186:37":11,"s:187:20:230:Infinity":62,"b:192:62:192:Infinity:193:30:193:Infinity":12,"b:193:61:193:81:193:81:193:Infinity":13,"b:198:43:198:64:198:64:198:80":14,"b:210:25:210:Infinity:211:26:219:Infinity":15,"f:214:37:214:43":12,"s:214:43:214:Infinity":63,"f:223:35:223:41":13,"s:223:41:223:Infinity":64,"b:244:16:246:Infinity:247:18:295:Infinity":16,"b:243:15:243:26:243:26:243:Infinity":17,"b:248:16:290:Infinity:292:16:295:Infinity":18,"f:261:36:261:37":14,"s:262:26:285:Infinity":65,"b:264:77:264:98:264:98:264:114":19,"b:275:32:278:Infinity:279:34:282:Infinity":20,"b:280:32:280:Infinity:282:32:282:Infinity":21,"f:312:34:312:35":15,"s:312:41:312:Infinity":66,"f:317:37:317:38":16,"s:318:26:318:Infinity":67,"f:328:34:328:35":17,"s:328:41:328:Infinity":68,"f:345:34:345:35":18,"s:345:41:345:Infinity":69,"f:356:34:356:35":19,"s:356:41:356:Infinity":70,"b:372:34:372:50:372:50:372:Infinity":22,"b:382:18:384:Infinity:385:20:425:Infinity":23,"b:381:17:381:28:381:28:381:Infinity":24,"b:386:18:419:Infinity:421:18:425:Infinity":25,"f:387:36:387:37":20,"s:388:22:417:Infinity":71,"f:401:37:401:43":21,"s:401:43:401:Infinity":72}}},"C:\\Users\\siles\\Documents\\maestria\\especialidad\\codigo\\proyecto-especialidad-monitoreo\\frontend\\src\\app\\pages\\Dashboard.tsx":{"path":"C:\\Users\\siles\\Documents\\maestria\\especialidad\\codigo\\proyecto-especialidad-monitoreo\\frontend\\src\\app\\pages\\Dashboard.tsx","statementMap":{"0":{"start":{"line":9,"column":30},"end":{"line":9,"column":null}},"1":{"start":{"line":13,"column":66},"end":{"line":13,"column":null}},"2":{"start":{"line":14,"column":47},"end":{"line":14,"column":null}},"3":{"start":{"line":15,"column":43},"end":{"line":15,"column":null}},"4":{"start":{"line":18,"column":42},"end":{"line":18,"column":null}},"5":{"start":{"line":21,"column":17},"end":{"line":21,"column":null}},"6":{"start":{"line":22,"column":20},"end":{"line":22,"column":null}},"7":{"start":{"line":23,"column":18},"end":{"line":25,"column":null}},"8":{"start":{"line":24,"column":33},"end":{"line":24,"column":47}},"9":{"start":{"line":28,"column":17},"end":{"line":32,"column":null}},"10":{"start":{"line":35,"column":2},"end":{"line":45,"column":null}},"11":{"start":{"line":36,"column":4},"end":{"line":44,"column":null}},"12":{"start":{"line":37,"column":24},"end":{"line":42,"column":null}},"13":{"start":{"line":37,"column":55},"end":{"line":42,"column":8}},"14":{"start":{"line":43,"column":6},"end":{"line":43,"column":null}},"15":{"start":{"line":48,"column":27},"end":{"line":55,"column":null}},"16":{"start":{"line":49,"column":4},"end":{"line":54,"column":null}},"17":{"start":{"line":50,"column":23},"end":{"line":50,"column":null}},"18":{"start":{"line":51,"column":22},"end":{"line":51,"column":null}},"19":{"start":{"line":52,"column":19},"end":{"line":52,"column":null}},"20":{"start":{"line":53,"column":15},"end":{"line":53,"column":null}},"21":{"start":{"line":57,"column":31},"end":{"line":64,"column":null}},"22":{"start":{"line":58,"column":4},"end":{"line":63,"column":null}},"23":{"start":{"line":59,"column":23},"end":{"line":59,"column":null}},"24":{"start":{"line":60,"column":22},"end":{"line":60,"column":null}},"25":{"start":{"line":61,"column":19},"end":{"line":61,"column":null}},"26":{"start":{"line":62,"column":15},"end":{"line":62,"column":null}},"27":{"start":{"line":65,"column":2},"end":{"line":365,"column":null}},"28":{"start":{"line":72,"column":12},"end":{"line":72,"column":null}},"29":{"start":{"line":257,"column":20},"end":{"line":274,"column":null}},"30":{"start":{"line":320,"column":39},"end":{"line":3
[...]
nfinity":9,"f:41:2:41:3":1,"s:42:4:42:Infinity":10,"s:43:4:43:Infinity":11,"s:49:0:101:Infinity":12,"f:50:2:50:3":2,"b:52:4:54:Infinity:undefined:undefined:undefined:undefined":4,"s:52:4:54:Infinity":13,"s:53:6:53:Infinity":14,"s:56:4:56:Infinity":15,"f:58:2:58:3":3,"b:60:4:97:Infinity:91:4:97:Infinity":5,"s:60:4:97:Infinity":16,"s:61:21:61:Infinity":17,"s:62:24:62:Infinity":18,"s:64:6:64:Infinity":19,"b:67:6:75:Infinity:undefined:undefined:undefined:undefined":6,"s:67:6:75:Infinity":20,"s:68:8:68:Infinity":21,"s:69:8:69:Infinity":22,"b:72:8:74:Infinity:undefined:undefined:undefined:undefined":7,"s:72:8:74:Infinity":23,"s:73:10:73:Infinity":24,"b:78:6:80:Infinity:undefined:undefined:undefined:undefined":8,"s:78:6:80:Infinity":25,"s:79:8:79:Infinity":26,"b:83:6:85:Infinity:undefined:undefined:undefined:undefined":9,"s:83:6:85:Infinity":27,"s:84:8:84:Infinity":28,"b:88:6:90:Infinity:undefined:undefined:undefined:undefined":10,"s:88:6:90:Infinity":29,"s:89:8:89:Infinity":30,"b:91:4:97:Infinity:94:11:97:Infinity":11,"s:91:4:97:Infinity":31,"s:93:6:93:Infinity":32,"s:96:6:96:Infinity":33,"s:99:4:99:Infinity":34,"s:132:31:143:Infinity":35,"f:132:31:132:32":4,"b:133:2:136:Infinity:undefined:undefined:undefined:undefined":12,"s:133:2:136:Infinity":36,"s:134:21:134:Infinity":37,"s:135:4:135:Infinity":38,"b:135:11:135:39:135:39:135:56:135:56:135:Infinity":13,"b:138:2:140:Infinity:undefined:undefined:undefined:undefined":14,"s:138:2:140:Infinity":39,"s:139:4:139:Infinity":40,"s:142:2:142:Infinity":41,"s:148:29:151:Infinity":42,"f:148:29:148:44":5,"s:149:16:149:Infinity":43,"s:150:2:150:Infinity":44,"s:156:25:159:Infinity":45,"f:156:25:156:37":6,"s:157:2:157:Infinity":46,"s:158:2:158:Infinity":47}}},"C:\\Users\\siles\\Documents\\maestria\\especialidad\\codigo\\proyecto-especialidad-monitoreo\\frontend\\src\\services\\authService.ts":{"path":"C:\\Users\\siles\\Documents\\maestria\\especialidad\\codigo\\proyecto-especialidad-monitoreo\\frontend\\src\\services\\authService.ts","statementMap":{"0":{"start":{"line":42,"column":27},"end":{"line":153,"column":null}},"1":{"start":{"line":47,"column":21},"end":{"line":50,"column":null}},"2":{"start":{"line":53,"column":4},"end":{"line":57,"column":null}},"3":{"start":{"line":54,"column":30},"end":{"line":54,"column":null}},"4":{"start":{"line":55,"column":6},"end":{"line":55,"column":null}},"5":{"start":{"line":56,"column":6},"end":{"line":56,"column":null}},"6":{"start":{"line":59,"column":4},"end":{"line":59,"column":null}},"7":{"start":{"line":66,"column":21},"end":{"line":69,"column":null}},"8":{"start":{"line":70,"column":4},"end":{"line":70,"column":null}},"9":{"start":{"line":77,"column":4},"end":{"line":84,"column":null}},"10":{"start":{"line":78,"column":23},"end":{"line":80,"column":null}},"11":{"start":{"line":81,"column":6},"end":{"line":81,"column":null}},"12":{"start":{"line":83,"column":6},"end":{"line":83,"column":null}},"13":{"start":{"line":91,"column":4},"end":{"line":99,"column":null}},"14":{"start":{"line":92,"column":6},"end":{"line":92,"column":null}},"15":{"start":{"line":94,"column":6},"end":{"line":94,"column":null}},"16":{"start":{"line":97,"column":6},"end":{"line":97,"column":null}},"17":{"start":{"line":98,"column":6},"end":{"line":98,"column":null}},"18":{"start":{"line":106,"column":4},"end":{"line":106,"column":null}},"19":{"start":{"line":113,"column":21},"end":{"line":113,"column":null}},"20":{"start":{"line":114,"column":4},"end":{"line":114,"column":null}},"21":{"start":{"line":121,"column":20},"end":{"line":121,"column":null}},"22":{"start":{"line":122,"column":4},"end":{"line":122,"column":null}},"23":{"start":{"line":122,"column":18},"end":{"line":122,"column":null}},"24":{"start":{"line":124,"column":4},"end":{"line":129,"column":null}},"25":{"start":{"line":125,"column":6},"end":{"line":125,"column":null}},"26":{"start":{"line":127,"column":6},"end":{"line":127,"column":null}},"27":{"start":{"line":128,"column":6},"end":{"line":128,"column":null}},"28":{"start":{"line":136,"column":4},"end":{"line":136,"column":null}},"29":{"start":{"line":143,"column":17},"end":{"line":143,"column":null}},"30":{"start":{"line":144,"column":4},"end":{"line":144,"column":null}},"31":{"start":{"line":151,"column":4},"end":{"line":151,"column":null}}},"fnMap":{"0":{"name":"(anonymous_0)","decl":{"start":{"line":46,"column":8},"end":{"line":46,"column":14}},"loc":{"start":{"line":46,"column":69},"end":{"line":60,"column":null}},"line":46},"1":{"name":"(anonymous_1)","decl":{"start":{"line":65,"column":8},"end":{"line":65,"column":17}},"loc":{"start":{"line":65,"column":52},"end":{"line":71,"column":null}},"line":65},"2":{"name":"(anonymous_2)","decl":{"start":{"line":76,"column":8},"end":{"line":76,"column":40}},"loc":{"start":{"line":76,"column":40},"end":{"line":85,"column":null}},"line":76},"3":{"name":"(anonymous_3)","decl":{"start":{"line":90,"column":8},"end":{"line":90,"column":32}},"loc":{"start":{"line":90,"column":32},"end":{"line":100,"column":null}},"line":90},"4":{"name":"(anonymous_4)","decl":{"start":{"line":105,"column":8},"end":{"line":105,"column":23}},"loc":{"start":{"line":105,"column":64},"end":{"line":107,"column":null}},"line":105},"5":{"name":"(anonymous_5)","decl":{"start":{"line":112,"column":8},"end":{"line":112,"column":40}},"loc":{"start":{"line":112,"column":40},"end":{"line":115,"column":null}},"line":112},"6":{"name":"(anonymous_6)","decl":{"start":{"line":120,"column":2},"end":{"line":120,"column":31}},"loc":{"start":{"line":120,"column":31},"end":{"line":130,"column":null}},"line":120},"7":{"name":"(anonymous_7)","decl":{"start":{"line":135,"column":2},"end":{"line":135,"column":29}},"loc":{"start":{"line":135,"column":29},"end":{"line":137,"column":null}},"line":135},"8":{"name":"(anonymous_8)","decl":{"start":{"line":142,"column":2},"end":{"line":142,"column":10}},"loc":{"start":{"line":142,"column":33},"end":{"line":145,"column":null}},"line":142},"9":{"name":"(anonymous_9)","decl":{"start":{"line":150,"column":2},"end":{"line":150,"column":21}},"loc":{"start":{"line":150,"column":21},"end":{"line":152,"column":null}},"line":150}},"branchMap":{"0":{"loc":{"start":{"line":53,"column":4},"end":{"line":57,"column":null}},"type":"if","locations":[{"start":{"line":53,"column":4},"end":{"line":57,"column":null}},{"start":{},"end":{}}],"line":53},"1":{"loc":{"start":{"line":122,"column":4},"end":{"line":122,"column":null}},"type":"if","locations":[{"start":{"line":122,"column":4},"end":{"line":122,"column":null}},{"start":{},"end":{}}],"line":122},"2":{"loc":{"start":{"line":144,"column":11},"end":{"line":144,"column":null}},"type":"binary-expr","locations":[{"start":{"line":144,"column":11},"end":{"line":144,"column":42}},{"start":{"line":144,"column":42},"end":{"line":144,"column":null}}],"line":144}},"s":{"0":1,"1":1,"2":1,"3":1,"4":1,"5":1,"6":1,"7":1,"8":1,"9":2,"10":2,"11":1,"12":1,"13":1,"14":1,"15":1,"16":1,"17":1,"18":1,"19":1,"20":1,"21":5,"22":5,"23":0,"24":5,"25":5,"26":1,"27":1,"28":2,"29":3,"30":3,"31":1},"f":{"0":1,"1":1,"2":2,"3":1,"4":1,"5":1,"6":5,"7":2,"8":3,"9":1},"b":{"0":[1,0],"1":[0,5],"2":[3,1]},"meta":{"lastBranch":3,"lastFunction":10,"lastStatement":32,"seen":{"s:42:27:153:Infinity":0,"f:46:8:46:14":0,"s:47:21:50:Infinity":1,"b:53:4:57:Infinity:undefined:undefined:undefined:undefined":0,"s:53:4:57:Infinity":2,"s:54:30:54:Infinity":3,"s:55:6:55:Infinity":4,"s:56:6:56:Infinity":5,"s:59:4:59:Infinity":6,"f:65:8:65:17":1,"s:66:21:69:Infinity":7,"s:70:4:70:Infinity":8,"f:76:8:76:40":2,"s:77:4:84:Infinity":9,"s:78:23:80:Infinity":10,"s:81:6:81:Infinity":11,"s:83:6:83:Infinity":12,"f:90:8:90:32":3,"s:91:4:99:Infinity":13,"s:92:6:92:Infinity":14,"s:94:6:94:Infinity":15,"s:97:6:97:Infinity":16,"s:98:6:98:Infinity":17,"f:105:8:105:23":4,"s:106:4:106:Infinity":18,"f:112:8:112:40":5,"s:113:21:113:Infinity":19,"s:114:4:114:Infinity":20,"f:120:2:120:31":6,"s:121:20:121:Infinity":21,"b:122:4:122:Infinity:undefined:undefined:undefined:undefined":1,"s:122:4:122:Infinity":22,"s:122:18:122:Infinity":23,"s:124:4:129:Infinity":24,"s:125:6:125:Infinity":25,"s:127:6:127:Infinity":26,"s:128:6:128:Infinity":27,"f:135:2:135:29":7,"s:136:4:136:Infinity":28,"f:142:2:142:10":8,"s:143:17:143:Infinity":29,"s:144:4:144:Infinity":30,"b:144:11:144:42:144:42:144:Infinity":2,"f:150:2:150:21":9,"s:151:4:151:Infinity":31}}},"C:\\Users\\siles\\Documents\\maestria\\especialidad\\codigo\\proyecto-especialidad-monitoreo\\frontend\\src\\services\\metricsService.ts":{"path":"C:\\Users\\siles\\Documents\\maestria\\especialidad\\codigo\\proyecto-especialidad-monitoreo\\frontend\\src\\services\\metricsService.ts","statementMap":{"0":{"start":{"line":50,"column":30},"end":{"line":154,"column":null}},"1":{"start":{"line":55,"column":21},"end":{"line":74,"column":null}},"2":{"start":{"line":76,"column":4},"end":{"line":86,"column":null}},"3":{"start":{"line":76,"column":63},"end":{"line":86,"column":6}},"4":{"start":{"line":93,"column":21},"end":{"line":106,"column":null}},"5":{"start":{"line":108,"column":20},"end":{"line":108,"column":null}},"6":{"start":{"line":110,"column":4},"end":{"line":119,"column":null}},"7":{"start":{"line":126,"column":21},"end":{"line":129,"column":null}},"8":{"start":{"line":130,"column":4},"end":{"line":130,"column":null}},"9":{"start":{"line":140,"column":21},"end":{"line":143,"column":null}},"10":{"start":{"line":144,"column":4},"end":{"line":144,"column":null}},"11":{"start":{"line":151,"column":21},"end":{"line":151,"column":null}},"12":{"start":{"line":152,"column":4},"end":{"line":152,"column":null}}},"fnMap":{"0":{"name":"(anonymous_0)","decl":{"start":{"line":54,"column":8},"end":{"line":54,"column":41}},"loc":{"start":{"line":54,"column":41},"end":{"line":87,"column":null}},"line":54},"1":{"name":"(anonymous_1)","decl":{"start":{"line":76,"column":50},"end":{"line":76,"column":51}},"loc":{"start":{"line":76,"column":63},"end":{"line":86,"column":6}},"line":76},"2":{"name":"(anonymous_2)","decl":{"start":{"line":92,"column":8},"end":{"line":92,"column":46}},"loc":{"start":{"line":92,"column":46},"end":{"line":120,"column":null}},"line":92},"3":{"name":"(anonymous_3)","decl":{"start":{"line":125,"column":8},"end":{"line":125,"column":19}},"loc":{"start":{"line":125,"column":75},"end":{"line":131,"column":null}},"line":125},"4":{"name":"(anonymous_4)","decl":{"start":{"line":136,"column":8},"end":{"line":136,"column":null}},"loc":{"start":{"line":139,"column":31},"end":{"line":145,"column":null}},"line":139},"5":{"name":"(anonymous_5)","decl":{"start":{"line":150,"column":8},"end":{"line":150,"column":49}},"loc":{"start":{"line":150,"column":49},"end":{"line":153,"column":null}},"line":150}},"branchMap":{"0":{"loc":{"start":{"line":76,"column":12},"end":{"line":76,"column":46}},"type":"binary-expr","locations":[{"start":{"line":76,"column":12},"end":{"line":76,"column":42}},{"start":{"line":76,"column":42},"end":{"line":76,"column":46}}],"line":76},"1":{"loc":{"start":{"line":130,"column":11},"end":{"line":130,"column":null}},"type":"binary-expr","locations":[{"start":{"line":130,"column":11},"end":{"line":130,"column":41}},{"start":{"line":130,"column":41},"end":{"line":130,"column":null}}],"line":130},"2":{"loc":{"start":{"line":144,"column":11},"end":{"line":144,"column":null}},"type":"binary-expr","locations":[{"start":{"line":144,"column":11},"end":{"line":144,"column":41}},{"start":{"line":144,"column":41},"end":{"line":144,"column":null}}],"line":144}},"s":{"0":1,"1":1,"2":1,"3":1,"4":1,"5":1,"6":1,"7":1,"8":1,"9":1,"10":1,"11":1,"12":1},"f":{"0":1,"1":1,"2":1,"3":1,"4":1,"5":1},"b":{"0":[1,0],"1":[1,0],"2":[1,0]},"meta":{"lastBranch":3,"lastFunction":6,"lastStatement":13,"seen":{"s:50:30:154:Infinity":0,"f:54:8:54:41":0,"s:55:21:74:Infinity":1,"s:76:4:86:Infinity":2,"b:76:12:76:42:76:42:76:46":0,"f:76:50:76:51":1,"s:76:63:86:6":3,"f:92:8:92:46":2,"s:93:21:106:Infinity":4,"s:108:20:108:Infinity":5,"s:110:4:119:Infinity":6,"f:125:8:125:19":3,"s:126:21:129:Infinity":7,"s:130:4:130:Infinity":8,"b:130:11:130:41:130:41:130:Infinity":1,"f:136:8:136:Infinity":4,"s:140:21:143:Infinity":9,"s:144:4:144:Infinity":10,"b:144:11:144:41:144:41:144:Infinity":2,"f:150:8:150:49":5,"s:151:21:151:Infinity":11,"s:152:4:152:Infinity":12}}},"C:\\Users\\siles\\Documents\\maestria\\especialidad\\codigo\\proyecto-especialidad-monitoreo\\frontend\\src\\services\\reportsService.ts":{"path":"C:\\Users\\siles\\Documents\\maestria\\especialidad\\codigo\\proyecto-especialidad-monitoreo\\frontend\\src\\services\\reportsService.ts","statementMap":{"0":{"start":{"line":55,"column":30},"end":{"line":145,"column":null}},"1":{"start":{"line":65,"column":21},"end":{"line":68,"column":null}},"2":{"start":{"line":69,"column":4},"end":{"line":69,"column":null}},"3":{"start":{"line":76,"column":21},"end":{"line":78,"column":null}},"4":{"start":{"line":79,"column":4},"end":{"line":79,"column":null}},"5":{"start":{"line":86,"column":21},"end":{"line":89,"column":null}},"6":{"start":{"line":90,"column":4},"end":{"line":90,"column":null}},"7":{"start":{"line":97,"column":21},"end":{"line":100,"column":null}},"8":{"start":{"line":101,"column":4},"end":{"line":101,"column":null}},"9":{"start":{"line":108,"column":21},"end":{"line":110,"column":null}},"10":{"start":{"line":111,"column":4},"end":{"line":111,"column":null}},"11":{"start":{"line":118,"column":4},"end":{"line":118,"column":null}},"12":{"start":{"line":125,"column":21},"end":{"line":127,"column":null}},"13":{"start":{"line":128,"column":4},"end":{"line":128,"column":null}},"14":{"start":{"line":135,"column":17},"end":{"line":135,"column":null}},"15":{"start":{"line":136,"column":16},"end":{"line":136,"column":null}},"16":{"start":{"line":137,"column":17},"end":{"line":137,"column":null}},"17":{"start":{"line":138,"column":4},"end":{"line":138,"column":null}},"18":{"start":{"line":139,"column":4},"end":{"line":139,"column":null}},"19":{"start":{"line":140,"column":4},"end":{"line":140,"column":null}},"20":{"start":{"line":141,"column":4},"end":{"line":141,"column":null}},"21":{"start":{"line":142,"column":4},"end":{"line":142,"column":null}},"22":{"start":{"line":143,"column":4},"end":{"line":143,"column":null}}},"fnMap":{"0":{"name":"(anonymous_0)","decl":{"start":{"line":59,"column":8},"end":{"line":59,"column":15}},"loc":{"start":{"line":64,"column":34},"end":{"line":70,"column":null}},"line":64},"1":{"name":"(anonymous_1)","decl":{"start":{"line":75,"column":8},"end":{"line":75,"column":16}},"loc":{"start":{"line":75,"column":45},"end":{"line":80,"column":null}},"line":75},"2":{"name":"(anonymous_2)","decl":{"start":{"line":85,"column":8},"end":{"line":85,"column":17}},"loc":{"start":{"line":85,"column":60},"end":{"line":91,"column":null}},"line":85},"3":{"name":"(anonymous_3)","decl":{"start":{"line":96,"column":8},"end":{"line":96,"column":21}},"loc":{"start":{"line":96,"column":68},"end":{"line":102,"column":null}},"line":96},"4":{"name":"(anonymous_4)","decl":{"start":{"line":107,"column":8},"end":{"line":107,"column":17}},"loc":{"start":{"line":107,"column":44},"end":{"line":112,"column":null}},"line":107},"5":{"name":"(anonymous_5)","decl":{"start":{"line":117,"column":8},"end":{"line":117,"column":15}},"loc":{"start":{"line":117,"column":42},"end":{"line":119,"column":null}},"line":117},"6":{"name":"(anonymous_6)","decl":{"start":{"line":124,"column":8},"end":{"line":124,"column":51}},"loc":{"start":{"line":124,"column":51},"end":{"line":129,"column":null}},"line":124},"7":{"name":"(anonymous_7)","decl":{"start":{"line":134,"column":8},"end":{"line":134,"column":29}},"loc":{"start":{"line":134,"column":72},"end":{"line":144,"column":null}},"line":134}},"branchMap":{},"s":{"0":1,"1":1,"2":1,"3":1,"4":1,"5":1,"6":1,"7":1,"8":1,"9":1,"10":1,"11":1,"12":1,"13":1,"14":1,"15":1,"16":1,"17":1,"18":1,"19":1,"20":1,"21":1,"22":1},"f":{"0":1,"1":1,"2":1,"3":1,"4":1,"5":1,"6":1,"7":1},"b":{},"meta":{"lastBranch":0,"lastFunction":8,"lastStatement":23,"seen":{"s:55:30:145:Infinity":0,"f:59:8:59:15":0,"s:65:21:68:Infinity":1,"s:69:4:69:Infinity":2,"f:75:8:75:16":1,"s:76:21:78:Infinity":3,"s:79:4:79:Infinity":4,"f:85:8:85:17":2,"s:86:21:89:Infinity":5,"s:90:4:90:Infinity":6,"f:96:8:96:21":3,"s:97:21:100:Infinity":7,"s:101:4:101:Infinity":8,"f:107:8:107:17":4,"s:108:21:110:Infinity":9,"s:111:4:111:Infinity":10,"f:117:8:117:15":5,"s:118:4:118:Infinity":11,"f:124:8:124:51":6,"s:125:21:127:Infinity":12,"s:128:4:128:Infinity":13,"f:134:8:134:29":7,"s:135:17:135:Infinity":14,"s:136:16:136:Infinity":15,"s:137:17:137:Infinity":16,"s:138:4:138:Infinity":17,"s:139:4:139:Infinity":18,"s:140:4:140:Infinity":19,"s:141:4:141:Infinity":20,"s:142:4:142:Infinity":21,"s:143:4:143:Infinity":22}}},"C:\\Users\\siles\\Documents\\maestria\\especialidad\\codigo\\proyecto-especialidad-monitoreo\\frontend\\src\\services\\serversService.ts":{"path":"C:\\Users\\siles\\Documents\\maestria\\especialidad\\codigo\\proyecto-especialidad-monitoreo\\frontend\\src\\services\\serversService.ts","statementMap":{"0":{"start":{"line":57,"column":29},"end":{"line":129,"column":null}},"1":{"start":{"line":66,"column":21},"end":{"line":69,"column":null}},"2":{"start":{"line":70,"column":4},"end":{"line":70,"column":null}},"3":{"start":{"line":77,"column":21},"end":{"line":77,"column":null}},"4":{"start":{"line":78,"column":4},"end":{"line":78,"column":null}},"5":{"start":{"line":85,"column":21},"end":{"line":88,"column":null}},"6":{"start":{"line":89,"column":4},"end":{"line":89,"column":null}},"7":{"start":{"line":96,"column":21},"end":{"line":99,"column":null}},"8":{"start":{"line":100,"column":4},"end":{"line":100,"column":null}},"9":{"start":{"line":107,"column":4},"end":{"line":107,"column":null}},"10":{"start":{"line":114,"column":21},"end":{"line":116,"column":null}},"11":{"start":{"line":117,"column":4},"end":{"line":117,"column":null}},"12":{"start":{"line":124,"column":21},"end":{"line":126,"column":null}},"13":{"start":{"line":127,"column":4},"end":{"line":127,"column":null}}},"fnMap":{"0":{"name":"(anonymous_0)","decl":{"start":{"line":61,"column":8},"end":{"line":61,"column":15}},"loc":{"start":{"line":65,"column":34},"end":{"line":71,"column":null}},"line":65},"1":{"name":"(anonymous_1)","decl":{"start":{"line":76,"column":8},"end":{"line":76,"column":16}},"loc":{"start":{"line":76,"column":45},"end":{"line":79,"column":null}},"line":76},"2":{"name":"(anonymous_2)","decl":{"start":{"line":84,"column":8},"end":{"line":84,"column":15}},"loc":{"start":{"line":84,"column":56},"end":{"line":90,"column":null}},"line":84},"3":{"name":"(anonymous_3)","decl":{"start":{"line":95,"column":8},"end":{"line":95,"column":15}},"loc":{"start":{"line":95,"column":68},"end":{"line":101,"column":null}},"line":95},"4":{"name":"(anonymous_4)","decl":{"start":{"line":106,"column":8},"end":{"line":106,"column":15}},"loc":{"start":{"line":106,"column":42},"end":{"line":108,"column":null}},"line":106},"5":{"name":"(anonymous_5)","decl":{"start":{"line":113,"column":8},"end":{"line":113,"column":18}},"loc":{"start":{"line":113,"column":53},"end":{"line":118,"column":null}},"line":113},"6":{"name":"(anonymous_6)","decl":{"start":{"line":123,"column":8},"end":{"line":123,"column":19}},"loc":{"start":{"line":123,"column":55},"end":{"line":128,"column":null}},"line":123}},"branchMap":{},"s":{"0":1,"1":1,"2":1,"3":1,"4":1,"5":1,"6":1,"7":1,"8":1,"9":1,"10":1,"11":1,"12":1,"13":1},"f":{"0":1,"1":1,"2":1,"3":1,"4":1,"5":1,"6":1},"b":{},"meta":{"lastBranch":0,"lastFunction":7,"lastStatement":14,"seen":{"s:57:29:129:Infinity":0,"f:61:8:61:15":0,"s:66:21:69:Infinity":1,"s:70:4:70:Infinity":2,"f:76:8:76:16":1,"s:77:21:77:Infinity":3,"s:78:4:78:Infinity":4,"f:84:8:84:15":2,"s:85:21:88:Infinity":5,"s:89:4:89:Infinity":6,"f:95:8:95:15":3,"s:96:21:99:Infinity":7,"s:100:4:100:Infinity":8,"f:106:8:106:15":4,"s:107:4:107:Infinity":9,"f:113:8:113:18":5,"s:114:21:116:Infinity":10,"s:117:4:117:Infinity":11,"f:123:8:123:19":6,"s:124:21:126:Infinity":12,"s:127:4:127:Infinity":13}}}}}