{"numTotalTestSuites":42,"numPassedTestSuites":42,"numFailedTestSuites":0,"numPendingTestSuites":0,"numTotalTests":92,"numPassedTests":92,"numFailedTests":0,"numPendingTests":0,"numTodoTests":0,"snapshot":{"added":0,"failure":false,"filesAdded":0,"filesRemoved":0,"filesRemovedList":[],"filesUnmatched":0,"filesUpdated":0,"matched":0,"total":0,"unchecked":0,"uncheckedKeysByFile":[],"unmatched":0,"updated":0,"didUpdate":false},"startTime":1773704873886,"success":true,"testResults":[{"assertionResults":[{"ancestorTitles":["main entrypoint"],"fullName":"main entrypoint renders the app into the root element","status":"passed","title":"renders the app into the root element","duration":598.3612999999998,"failureMessages":[],"meta":{},"tags":[]},{"ancestorTitles":["main entrypoint"],"fullName":"main entrypoint throws when the root element is missing","status":"passed","title":"throws when the root element is missing","duration":4.398999999999887,"failureMessages":[],"meta":{},"tags":[]}],"startTime":1773704881345,"endTime":1773704881947.399,"status":"passed","message":"","name":"C:/Users/siles/Documents/maestria/especialidad/codigo/proyecto-especialidad-monitoreo/frontend/src/main.test.tsx"},{"assertionResults":[{"ancestorTitles":["App"],"fullName":"App renders the application shell providers and router","status":"passed","title":"renders the application shell providers and router","duration":41.946300000000065,"failureMessages":[],"meta":{},"tags":[]}],"startTime":1773704907361,"endTime":1773704907402.9463,"status":"passed","message":"","name":"C:/Users/siles/Documents/maestria/especialidad/codigo/proyecto-especialidad-monitoreo/frontend/src/app/App.test.tsx"},{"assertionResults":[{"ancestorTitles":["AuthContext"],"fullName":"AuthContext initializes with a valid stored user","status":"passed","title":"initializes with a valid stored user","duration":89.49749999999995,"failureMessages":[],"meta":{},"tags":[]},{"ancestorTitles":["AuthContext"],"fullName":"AuthContext logs out invalid stored auth during initialization","status":"passed","title":"logs out invalid stored auth during initialization","duration":76.55559999999969,"failureMessages":[],"meta":{},"tags":[]},{"ancestorTitles":["AuthContext"],"fullName":"AuthContext supports login, updateUser, role checks and logout","status":"passed","title":"supports login, updateUser, role checks and logout","duration":18.228099999999813,"failureMessages":[],"meta":{},"tags":[]},{"ancestorTitles":["AuthContext"],"fullName":"AuthContext throws when useAuth is used outside AuthProvider","status":"passed","title":"throws when useAuth is used outside AuthProvider","duration":28.947099999999864,"failureMessages":[],"meta":{},"tags":[]}],"startTime":1773704900296,"endTime":1773704900508.947,"status":"passed","message":"","name":"C:/Users/siles/Documents/maestria/especialidad/codigo/proyecto-especialidad-monitoreo/frontend/src/contexts/AuthContext.test.tsx"},{"assertionResults":[{"ancestorTitles":["useAlerts"],"fullName":"useAlerts auto-fetches alerts, active alerts and thresholds","status":"passed","title":"auto-fetches alerts, active alerts and thresholds","duration":90.41429999999991,"failureMessages":[],"meta":{},"tags":[]},{"ancestorTitles":["useAlerts"],"fullName":"useAlerts acknowledges, resolves, creates and deletes threshold state","status":"passed","title":"acknowledges, resolves, creates and deletes threshold state","duration":78.00979999999981,"failureMessages":[],"meta":{},"tags":[]},{"ancestorTitles":["useAlerts"],"fullName":"useAlerts reacts to browser alert events","status":"passed","title":"reacts to browser alert events","duration":3.565099999999802,"failureMessages":[],"meta":{},"tags":[]},{"ancestorTitles":["useAlerts"],"fullName":"useAlerts captures service errors","status":"passed","title":"captures service errors","duration":1.6687000000001717,"failureMessages":[],"meta":{},"tags":[]}],"startTime":1773704895712,"endTime":1773704895886.6687,"status":"passed","message":"","name":"C:/Users/siles/Documents/maestria/especialidad/codigo/proyecto-especialidad-monitoreo/frontend/src/hooks/useAlerts.test.ts"},{"assertionResults":[{"ancestorTitles":["useMetrics"],"fullName":"useMetrics auto-fetches metrics and summary","status":"passed","title":"auto-fetches metrics and summary","duration":78.6242000000002,"failureMessages":[],"meta":{},"tags":[]},{"ancestorTitles":["useMetrics"],"fullName":"useMetrics handles fetchServerHistory errors","status":"passed","title":"handles fetchServerHistory errors","duration":3.793800000000374,"failureMessages":[],"meta":{},"tags":[]},{"ancestorTitles":["useMetrics"],"fullName":"useMetrics refreshes on an interval","status":"passed","title":"refreshes on an interval","duration":6.5645000000004075,"failureMessages":[],"meta":{},"tags":[]}],"startTime":1773704902720,"endTime":1773704902808.5645,"status":"passed","message":"","name":"C:/Users/siles/Documents/maestria/especialidad/codigo/proyecto-especialidad-monitoreo/frontend/src/hooks/useMetrics.test.ts"},{"assertionResults":[{"ancestorTitles":["useServers"],"fullName":"useServers auto-fetches servers","status":"passed","title":"auto-fetches servers","duration":88.57340000000022,"failureMessages":[],"meta":{},"tags":[]},{"ancestorTitles":["useServers"],"fullName":"useServers supports create, update, delete, get and refresh","status":"passed","title":"supports create, update, delete, get and refresh","duration":81.1880000000001,"failureMessages":[],"meta":{},"tags":[]},{"ancestorTitles":["useServers"],"fullName":"useServers captures request errors","status":"passed","title":"captures request errors","duration":71.51420000000007,"failureMessages":[],"meta":{},"tags":[]}],"startTime":1773704893394,"endTime":1773704893635.5142,"status":"passed","message":"","name":"C:/Users/siles/Documents/maestria/especialidad/codigo/proyecto-especialidad-monitoreo/frontend/src/hooks/useServers.test.ts"},{"assertionResults":[{"ancestorTitles":["useWebSocket"],"fullName":"useWebSocket does not connect when disabled or token is missing","status":"passed","title":"does not connect when disabled or token is missing","duration":18.1712,"failureMessages":[],"meta":{},"tags":[]},{"ancestorTitles":["useWebSocket"],"fullName":"useWebSocket connects, subscribes and exposes connection state","status":"passed","title":"connects, subscribes and exposes connection state","duration":34.89499999999998,"failureMessages":[],"meta":{},"tags":[]}],"startTime":1773704909480,"endTime":1773704909533.895,"status":"passed","message":"","name":"C:/Users/siles/Documents/maestria/especialidad/codigo/proyecto-especialidad-monitoreo/frontend/src/hooks/useWebSocket.test.ts"},{"assertionResults":[{"ancestorTitles":["alertsService"],"fullName":"alertsService gets all alerts","status":"passed","title":"gets all alerts","duration":4.005100000000311,"failureMessages":[],"meta":{},"tags":[]},{"ancestorTitles":["alertsService"],"fullName":"alertsService gets active alerts","status":"passed","title":"gets active alerts","duration":0.5052000000000589,"failureMessages":[],"meta":{},"tags":[]},{"ancestorTitles":["alertsService"],"fullName":"alertsService gets one alert","status":"passed","title":"gets one alert","duration":0.491099999999733,"failureMessages":[],"meta":{},"tags":[]},{"ancestorTitles":["alertsService"],"fullName":"alertsService acknowledges and resolves alerts","status":"passed","title":"acknowledges and resolves alerts","duration":0.9980000000000473,"failureMessages":[],"meta":{},"tags":[]},{"ancestorTitles":["alertsService"],"fullName":"alertsService gets thresholds and creates/updates/deletes one","status":"passed","title":"gets thresholds and creates/updates/deletes one","duration":2.01700000000028,"failureMessages":[],"meta":{},"tags":[]}],"startTime":1773704915900,"endTime":1773704915908.017,"status":"passed","message":"","name":"C:/Users/siles/Documents/maestria/especialidad/codigo/proyecto-especialidad-monitoreo/frontend/src/services/alertsService.test.ts"},{"assertionResults":[{"ancestorTitles":["api helpers"],"fullName":"api helpers returns the API error message for axios errors","status":"passed","title":"returns the API error message for axios errors","duration":2.474300000000312,"failureMessages":[],"meta":{},"tags":[]},{"ancestorTitles":["api helpers"],"fullName":"api helpers falls back to axios message when backend message is absent","status":"passed","title":"falls back to axios message when backend message is absent","duration":0.45299999999997453,"failureMessages":[],"meta":{},"tags":[]},{"ancestorTitles":["api helpers"],"fullName":"api helpers returns the message for regular Error instances","status":"passed","title":"returns the message for regular Error instances","duration":0.2468999999996413,"failureMessages":[],"meta":{},"tags":[]},{"ancestorTitles":["api helpers"],"fullName":"api helpers returns unknown error for unsupported values","status":"passed","title":"returns unknown error for unsupported values","duration":0.3666000000002896,"failureMessages":[],"meta":{},"tags":[]},{"ancestorTitles":["api helpers"],"fullName":"api helpers checks whether a token exists","status":"passed","title":"checks whether a token exists","duration":0.6808000000000902,"failureMessages":[],"meta":{},"tags":[]},{"ancestorTitles":["api helpers"],"fullName":"api helpers clears authentication values","status":"passed","title":"clears authentication values","duration":0.49759999999969295,"failureMessages":[],"meta":{},"tags":[]}],"startTime":1773704924122,"endTime":1773704924126.681,"status":"passed","message":"","name":"C:/Users/siles/Documents/maestria/especialidad/codigo/proyecto-especialidad-monitoreo/frontend/src/services/api.test.ts"},{"assertionResults":[{"ancestorTitles":["authService"],"fullName":"authService logs in and stores the token and user","status":"passed","title":"logs in and stores the token and user","duration":8.011899999999969,"failureMessages":[],"meta":{},"tags":[]},{"ancestorTitles":["authService"],"fullName":"authService registers a user","status":"passed","title":"registers a user","duration":0.6242999999999483,"failureMessages":[],"meta":{},"tags":[]},{"ancestorTitles":["authService"],"fullName":"authService verifies the token successfully","status":"passed","title":"verifies the token successfully","duration":1.0911000000000968,"failureMessages":[],"meta":{},"tags":[]},{"ancestorTitles":["authService"],"fullName":"authService returns false when token verification fails","status":"passed","title":"returns false when token verification fails","duration":0.6012000000000626,"failureMessages":[],"meta":{},"tags":[]},{"ancestorTitles":["authService"],"fullName":"authService logs out and always clears storage","status":"passed","title":"logs out and always clears storage","duration":0.9918999999999869,"failureMessages":[],"meta":{},"tags":[]},{"ancestorTitles":["authService"],"fullName":"authService changes the password","status":"passed","title":"changes the password","duration":0.4711000000002059,"failureMessages":[],"meta":{},"tags":[]},{"ancestorTitles":["authService"],"fullName":"authService gets the current user","status":"passed","title":"gets the current user","duration":0.36500000000023647,"failureMessages":[],"meta":{},"tags":[]},{"ancestorTitles":["authService"],"fullName":"authService returns the stored user when JSON is valid","status":"passed","title":"returns the stored user when JSON is valid","duration":0.5902000000000953,"failureMessages":[],"meta":{},"tags":[]},{"ancestorTitles":["authService"],"fullName":"authService returns null when stored user JSON is invalid","status":"passed","title":"returns null when stored user JSON is invalid","duration":1.0439000000001215,"failureMessages":[],"meta":{},"tags":[]},{"ancestorTitles":["authService"],"fullName":"authService checks auth state and roles","status":"passed","title":"checks auth state and roles","duration":0.7118000000000393,"failureMessages":[],"meta":{},"tags":[]}],"startTime":1773704918006,"endTime":1773704918020.712,"status":"passed","message":"","name":"C:/Users/siles/Documents/maestria/especialidad/codigo/proyecto-especialidad-monitoreo/frontend/src/services/authService.test.ts"},{"assertionResults":[{"ancestorTitles":["metricsService"],"fullName":"metricsService maps current metrics from the backend shape","status":"passed","title":"maps current metrics from the backend shape","duration":3.667900000000145,"failureMessages":[],"meta":{},"tags":[]},{"ancestorTitles":["metricsService"],"fullName":"metricsService maps summary fields","status":"passed","title":"maps summary fields","duration":0.6316999999999098,"failureMessages":[],"meta":{},"tags":[]},{"ancestorTitles":["metricsService"],"fullName":"metricsService gets metrics history with params","status":"passed","title":"gets metrics history with params","duration":1.712500000000091,"failureMessages":[],"meta":{},"tags":[]},{"ancestorTitles":["metricsService"],"fullName":"metricsService gets server history","status":"passed","title":"gets server history","duration":0.5396999999998116,"failureMessages":[],"meta":{},"tags":[]},{"ancestorTitles":["metricsService"],"fullName":"metricsService gets prometheus metrics payload","status":"passed","title":"gets prometheus metrics payload","duration":0.3892000000000735,"failureMessages":[],"meta":{},"tags":[]}],"startTime":1773704921933,"endTime":1773704921940.3892,"status":"passed","message":"","name":"C:/Users/siles/Documents/maestria/especialidad/codigo/proyecto-especialidad-monitoreo/frontend/src/services/metricsService.test.ts"},{"assertionResults":[{"ancestorTitles":["reportsService"],"fullName":"reportsService gets and generates reports","status":"passed","title":"gets and generates reports","duration":5.1039999999998145,"failureMessages":[],"meta":{},"tags":[]},{"ancestorTitles":["reportsService"],"fullName":"reportsService downloads, deletes and gets statistics","status":"passed","title":"downloads, deletes and gets statistics","duration":2.007299999999759,"failureMessages":[],"meta":{},"tags":[]},{"ancestorTitles":["reportsService"],"fullName":"reportsService downloads a report with the expected filename","status":"passed","title":"downloads a report with the expected filename","duration":8.210700000000088,"failureMessages":[],"meta":{},"tags":[]}],"startTime":1773704913797,"endTime":1773704913812.2107,"status":"passed","message":"","name":"C:/Users/siles/Documents/maestria/especialidad/codigo/proyecto-especialidad-monitoreo/frontend/src/services/reportsService.test.ts"},{"assertionResults":[{"ancestorTitles":["serverService"],"fullName":"serverService gets all servers","status":"passed","title":"gets all servers","duration":3.7650000000001,"failureMessages":[],"meta":{},"tags":[]},{"ancestorTitles":["serverService"],"fullName":"serverService gets a server by id","status":"passed","title":"gets a server by id","duration":0.5134000000000469,"failureMessages":[],"meta":{},"tags":[]},{"ancestorTitles":["serverService"],"fullName":"serverService creates a server","status":"passed","title":"creates a server","duration":0.32970000000000255,"failureMessages":[],"meta":{},"tags":[]},{"ancestorTitles":["serverService"],"fullName":"serverService updates a server","status":"passed","title":"updates a server","duration":0.5058999999998832,"failureMessages":[],"meta":{},"tags":[]},{"ancestorTitles":["serverService"],"fullName":"serverService deletes a server","status":"passed","title":"deletes a server","duration":1.1582999999998265,"failureMessages":[],"meta":{},"tags":[]},{"ancestorTitles":["serverService"],"fullName":"serverService gets server status","status":"passed","title":"gets server status","duration":0.368900000000167,"failureMessages":[],"meta":{},"tags":[]},{"ancestorTitles":["serverService"],"fullName":"serverService gets server metrics","status":"passed","title":"gets server metrics","duration":0.40589999999997417,"failureMessages":[],"meta":{},"tags":[]}],"startTime":1773704920040,"endTime":1773704920047.406,"status":"passed","message":"","name":"C:/Users/siles/Documents/maestria/especialidad/codigo/proyecto-especialidad-monitoreo/frontend/src/services/serversService.test.ts"},{"assertionResults":[{"ancestorTitles":["Layout"],"fullName":"Layout renders navigation and outlet content","status":"passed","title":"renders navigation and outlet content","duration":63.259199999999964,"failureMessages":[],"meta":{},"tags":[]},{"ancestorTitles":["Layout"],"fullName":"Layout logs out and navigates to login","status":"passed","title":"logs out and navigates to login","duration":187.00970000000007,"failureMessages":[],"meta":{},"tags":[]},{"ancestorTitles":["Layout"],"fullName":"Layout toggles the mobile menu and closes it after selecting an item","status":"passed","title":"toggles the mobile menu and closes it after selecting an item","duration":52.177400000000034,"failureMessages":[],"meta":{},"tags":[]}],"startTime":1773704890967,"endTime":1773704891269.1775,"status":"passed","message":"","name":"C:/Users/siles/Documents/maestria/especialidad/codigo/proyecto-especialidad-monitoreo/frontend/src/app/components/Layout.test.tsx"},{"assertionResults":[{"ancestorTitles":["ProtectedRoute"],"fullName":"ProtectedRoute shows a loading spinner while authentication is being verified","status":"passed","title":"shows a loading spinner while authentication is being verified","duration":42.932300000000396,"failureMessages":[],"meta":{},"tags":[]},{"ancestorTitles":["ProtectedRoute"],"fullName":"ProtectedRoute redirects to /login when user is not authenticated","status":"passed","title":"redirects to /login when user is not authenticated","duration":4.996700000000146,"failureMessages":[],"meta":{},"tags":[]},{"ancestorTitles":["ProtectedRoute"],"fullName":"ProtectedRoute renders Outlet (protected content) when user is authenticated","status":"passed","title":"renders Outlet (protected content) when user is authenticated","duration":3.06880000000001,"failureMessages":[],"meta":{},"tags":[]},{"ancestorTitles":["ProtectedRoute"],"fullName":"ProtectedRoute redirects to a custom path when redirectPath prop is provided","status":"passed","title":"redirects to a custom path when redirectPath prop is provided","duration":2.795599999999922,"failureMessages":[],"meta":{},"tags":[]},{"ancestorTitles":["ProtectedRoute"],"fullName":"ProtectedRoute shows Access Denied when user lacks the required role","status":"passed","title":"shows Access Denied when user lacks the required role","duration":5.542300000000068,"failureMessages":[],"meta":{},"tags":[]},{"ancestorTitles":["ProtectedRoute"],"fullName":"ProtectedRoute renders Outlet when user has the required role","status":"passed","title":"renders Outlet when user has the required role","duration":2.179200000000037,"failureMessages":[],"meta":{},"tags":[]}],"startTime":1773704905009,"endTime":1773704905071.1792,"status":"passed","message":"","name":"C:/Users/siles/Documents/maestria/especialidad/codigo/proyecto-especialidad-monitoreo/frontend/src/app/components/ProtectedRoute.test.tsx"},{"assertionResults":[{"ancestorTitles":["RealtimeAlertsBridge"],"fullName":"RealtimeAlertsBridge wires websocket callbacks and dispatches alert events","status":"passed","title":"wires websocket callbacks and dispatches alert events","duration":27.034900000000107,"failureMessages":[],"meta":{},"tags":[]},{"ancestorTitles":["RealtimeAlertsBridge"],"fullName":"RealtimeAlertsBridge uses the matching toast severity","status":"passed","title":"uses the matching toast severity","duration":3.562800000000152,"failureMessages":[],"meta":{},"tags":[]}],"startTime":1773704911587,"endTime":1773704911617.5627,"status":"passed","message":"","name":"C:/Users/siles/Documents/maestria/especialidad/codigo/proyecto-especialidad-monitoreo/frontend/src/app/components/RealtimeAlertsBridge.test.tsx"},{"assertionResults":[{"ancestorTitles":["AlertsManagement"],"fullName":"AlertsManagement renders page title","status":"passed","title":"renders page title","duration":241.28110000000015,"failureMessages":[],"meta":{},"tags":[]},{"ancestorTitles":["AlertsManagement"],"fullName":"AlertsManagement shows active alerts count in tab label","status":"passed","title":"shows active alerts count in tab label","duration":49.52599999999984,"failureMessages":[],"meta":{},"tags":[]},{"ancestorTitles":["AlertsManagement"],"fullName":"AlertsManagement renders active alert message in the active tab","status":"passed","title":"renders active alert message in the active tab","duration":88.63539999999966,"failureMessages":[],"meta":{},"tags":[]},{"ancestorTitles":["AlertsManagement"],"fullName":"AlertsManagement renders Acknowledge and Resolve buttons for active alerts","status":"passed","title":"renders Acknowledge and Resolve buttons for active alerts","duration":248.71249999999964,"failureMessages":[],"meta":{},"tags":[]},{"ancestorTitles":["AlertsManagement"],"fullName":"AlertsManagement calls acknowledgeAlert when Acknowledge is clicked","status":"passed","title":"calls acknowledgeAlert when Acknowledge is clicked","duration":215.77349999999979,"failureMessages":[],"meta":{},"tags":[]},{"ancestorTitles":["AlertsManagement"],"fullName":"AlertsManagement switches to Thresholds tab","status":"passed","title":"switches to Thresholds tab","duration":185.85769999999957,"failureMessages":[],"meta":{},"tags":[]}],"startTime":1773704884687,"endTime":1773704885717.8577,"status":"passed","message":"","name":"C:/Users/siles/Documents/maestria/especialidad/codigo/proyecto-especialidad-monitoreo/frontend/src/app/pages/AlertsManagement.test.tsx"},{"assertionResults":[{"ancestorTitles":["Dashboard page"],"fullName":"Dashboard page renders summary cards from hook data","status":"passed","title":"renders summary cards from hook data","duration":103.26120000000037,"failureMessages":[],"meta":{},"tags":[]},{"ancestorTitles":["Dashboard page"],"fullName":"Dashboard page renders active alerts section with alert message","status":"passed","title":"renders active alerts section with alert message","duration":26.17489999999998,"failureMessages":[],"meta":{},"tags":[]},{"ancestorTitles":["Dashboard page"],"fullName":"Dashboard page renders grafana embed section","status":"passed","title":"renders grafana embed section","duration":28.408100000000104,"failureMessages":[],"meta":{},"tags":[]}],"startTime":1773704898008,"endTime":1773704898166.4082,"status":"passed","message":"","name":"C:/Users/siles/Documents/maestria/especialidad/codigo/proyecto-especialidad-monitoreo/frontend/src/app/pages/Dashboard.test.tsx"},{"assertionResults":[{"ancestorTitles":["Login page"],"fullName":"Login page renders login form fields","status":"passed","title":"renders login form fields","duration":204.5436000000002,"failureMessages":[],"meta":{},"tags":[]},{"ancestorTitles":["Login page"],"fullName":"Login page shows validation error when username/password are empty","status":"passed","title":"shows validation error when username/password are empty","duration":92.57590000000027,"failureMessages":[],"meta":{},"tags":[]},{"ancestorTitles":["Login page"],"fullName":"Login page calls login and navigates to dashboard on success","status":"passed","title":"calls login and navigates to dashboard on success","duration":404.7974000000004,"failureMessages":[],"meta":{},"tags":[]},{"ancestorTitles":["Login page"],"fullName":"Login page shows backend error message when login fails","status":"passed","title":"shows backend error message when login fails","duration":326.4483,"failureMessages":[],"meta":{},"tags":[]}],"startTime":1773704875911,"endTime":1773704876940.4482,"status":"passed","message":"","name":"C:/Users/siles/Documents/maestria/especialidad/codigo/proyecto-especialidad-monitoreo/frontend/src/app/pages/Login.test.tsx"},{"assertionResults":[{"ancestorTitles":["Reports page"],"fullName":"Reports page renders the page title","status":"passed","title":"renders the page title","duration":78.61810000000014,"failureMessages":[],"meta":{},"tags":[]},{"ancestorTitles":["Reports page"],"fullName":"Reports page renders ASFI Compliance Report section","status":"passed","title":"renders ASFI Compliance Report section","duration":238.68229999999994,"failureMessages":[],"meta":{},"tags":[]},{"ancestorTitles":["Reports page"],"fullName":"Reports page renders generate custom report section with type buttons","status":"passed","title":"renders generate custom report section with type buttons","duration":87.8436999999999,"failureMessages":[],"meta":{},"tags":[]},{"ancestorTitles":["Reports page"],"fullName":"Reports page renders From Date and To Date inputs","status":"passed","title":"renders From Date and To Date inputs","duration":18.364399999999932,"failureMessages":[],"meta":{},"tags":[]},{"ancestorTitles":["Reports page"],"fullName":"Reports page renders reports list when data is available","status":"passed","title":"renders reports list when data is available","duration":22.541899999999714,"failureMessages":[],"meta":{},"tags":[]},{"ancestorTitles":["Reports page"],"fullName":"Reports page calls generateAsfi when button is clicked","status":"passed","title":"calls generateAsfi when button is clicked","duration":117.8148000000001,"failureMessages":[],"meta":{},"tags":[]},{"ancestorTitles":["Reports page"],"fullName":"Reports page shows server checkboxes for server selection","status":"passed","title":"shows server checkboxes for server selection","duration":22.19939999999997,"failureMessages":[],"meta":{},"tags":[]}],"startTime":1773704888068,"endTime":1773704888654.1995,"status":"passed","message":"","name":"C:/Users/siles/Documents/maestria/especialidad/codigo/proyecto-especialidad-monitoreo/frontend/src/app/pages/Reports.test.tsx"},{"assertionResults":[{"ancestorTitles":["ServersPage"],"fullName":"ServersPage renders page title and server list","status":"passed","title":"renders page title and server list","duration":52.68920000000003,"failureMessages":[],"meta":{},"tags":[]},{"ancestorTitles":["ServersPage"],"fullName":"ServersPage shows \"Add New Server\" form when Add Server button is clicked","status":"passed","title":"shows \"Add New Server\" form when Add Server button is clicked","duration":249.49649999999997,"failureMessages":[],"meta":{},"tags":[]},{"ancestorTitles":["ServersPage"],"fullName":"ServersPage closes the form when the X button is clicked","status":"passed","title":"closes the form when the X button is clicked","duration":183.4688000000001,"failureMessages":[],"meta":{},"tags":[]},{"ancestorTitles":["ServersPage"],"fullName":"ServersPage shows edit form pre-filled when edit button is clicked","status":"passed","title":"shows edit form pre-filled when edit button is clicked","duration":49.95789999999988,"failureMessages":[],"meta":{},"tags":[]},{"ancestorTitles":["ServersPage"],"fullName":"ServersPage calls createServer when form is filled and submitted","status":"passed","title":"calls createServer when form is filled and submitted","duration":131.85620000000017,"failureMessages":[],"meta":{},"tags":[]},{"ancestorTitles":["ServersPage"],"fullName":"ServersPage calls deleteServer when delete is confirmed","status":"passed","title":"calls deleteServer when delete is confirmed","duration":79.73450000000003,"failureMessages":[],"meta":{},"tags":[]}],"startTime":1773704878854,"endTime":1773704879601.7346,"status":"passed","message":"","name":"C:/Users/siles/Documents/maestria/especialidad/codigo/proyecto-especialidad-monitoreo/frontend/src/app/pages/ServersPage.test.tsx"}]}